1.4305 	WARNING 	We strongly recommend you activate the PTB sound engine in PsychoPy prefs as the preferred audio engine. Its timing is vastly superior. Your prefs are currently set to use ['sounddevice', 'PTB', 'pyo', 'pygame'] (in that order).
3.4874 	EXP 	Created window1 = Window(allowGUI=True, allowStencil=False, autoLog=True, backendConf=UNKNOWN, bitsMode=UNKNOWN, blendMode='avg', bpc=(8, 8, 8), color=array([1., 1., 1.]), colorSpace='rgb', depthBits=8, fullscr=<method-wrapper '__getattribute__' of attributeSetter object at 0x0000021B55B92C40>, gamma=None, gammaErrorPolicy='raise', lms=UNKNOWN, monitor=<psychopy.monitors.calibTools.Monitor object at 0x0000021B57AA8C70>, multiSample=False, name='window1', numSamples=2, pos=(0, 0), screen=0, size=array([2048, 1152]), stencilBits=0, stereo=False, units='height', useFBO=True, useRetina=False, viewOri=0.0, viewPos=None, viewScale=None, waitBlanking=True, winType='pyglet')
3.4874 	EXP 	window1: mouseVisible = True
3.4875 	EXP 	window1: mouseVisible = False
3.4875 	EXP 	window1: Attempting to measure frame rate of screen (0) ...
3.4875 	EXP 	window1: recordFrameIntervals = False
3.5565 	EXP 	window1: recordFrameIntervals = True
3.6330 	EXP 	Screen (0) actual frame rate measured at 143.83Hz
3.6330 	EXP 	window1: recordFrameIntervals = False
4.7994 	EXP 	Created MWdefInstr = ImageStim(__class__=<class 'psychopy.visual.image.ImageStim'>, anchor=('center', 'center'), autoLog=True, color=array([1, 1, 1]), colorSpace='rgb', contrast=1.0, depth=0.0, flipHoriz=False, flipVert=False, image='sin', interpolate=True, mask=None, maskParams=None, name='MWdefInstr', opacity=1.0, ori=0.0, pos=array([0., 0.]), size=array([1. , 0.8]), texRes=128.0, units='height', win=Window(...))
5.0711 	EXP 	Created text = TextStim(__class__=<class 'psychopy.visual.text.TextStim'>, alignHoriz=method-wrapper(...), alignText='center', alignVert=method-wrapper(...), anchorHoriz='center', anchorVert='center', antialias=True, autoDraw=False, autoLog=True, bold=False, color=array([1, 1, 1]), colorSpace='rgb', contrast=1.0, depth=0.0, flipHoriz=False, flipVert=False, font='Open Sans', fontFiles=[], height=0.05, italic=False, languageStyle='LTR', name='text', opacity=1.0, ori=0.0, pos=array([0., 0.]), rgb=UNKNOWN, text=str(...), units='height', win=Window(...), wrapWidth=1)
5.0763 	EXP 	Created NoSkipping = TextStim(__class__=<class 'psychopy.visual.text.TextStim'>, alignHoriz=method-wrapper(...), alignText='center', alignVert=method-wrapper(...), anchorHoriz='center', anchorVert='center', antialias=True, autoDraw=False, autoLog=True, bold=False, color=array([1, 1, 1]), colorSpace='rgb', contrast=1.0, depth=0.0, flipHoriz=False, flipVert=False, font='Open Sans', fontFiles=[], height=0.05, italic=False, languageStyle='LTR', name='NoSkipping', opacity=1.0, ori=0.0, pos=array([0., 0.]), rgb=UNKNOWN, text=str(...), units='height', win=Window(...), wrapWidth=1)
5.0805 	EXP 	Created imagePages = ImageStim(__class__=<class 'psychopy.visual.image.ImageStim'>, anchor=('center', 'center'), autoLog=True, color=array([1, 1, 1]), colorSpace='rgb', contrast=1.0, depth=-2.0, flipHoriz=False, flipVert=False, image='sin', interpolate=True, mask=None, maskParams=None, name='imagePages', opacity=1.0, ori=0.0, pos=array([0., 0.]), size=array([0.85, 0.85]), texRes=128.0, units='height', win=Window(...))
5.1538 	EXP 	Created PCProbe = ImageStim(__class__=<class 'psychopy.visual.image.ImageStim'>, anchor=('center', 'center'), autoLog=True, color=array([1, 1, 1]), colorSpace='rgb', contrast=1.0, depth=-3.0, flipHoriz=False, flipVert=False, image='images/PC_v2.png', interpolate=True, mask=None, maskParams=None, name='PCProbe', opacity=1.0, ori=0.0, pos=array([0., 0.]), size=array([1.  , 0.85]), texRes=128.0, units='height', win=Window(...))
5.1830 	EXP 	Created SCProbe = ImageStim(__class__=<class 'psychopy.visual.image.ImageStim'>, anchor=('center', 'center'), autoLog=True, color=array([1, 1, 1]), colorSpace='rgb', contrast=1.0, depth=-4.0, flipHoriz=False, flipVert=False, image='images/SC_v2.png', interpolate=True, mask=None, maskParams=None, name='SCProbe', opacity=1.0, ori=0.0, pos=array([0., 0.]), size=array([1.  , 0.85]), texRes=128, units='height', win=Window(...))
5.1943 	EXP 	Created EndExpText = TextStim(__class__=<class 'psychopy.visual.text.TextStim'>, alignHoriz=method-wrapper(...), alignText='center', alignVert=method-wrapper(...), anchorHoriz='center', anchorVert='center', antialias=True, autoDraw=False, autoLog=True, bold=False, color=array([1, 1, 1]), colorSpace='rgb', contrast=1.0, depth=0.0, flipHoriz=False, flipVert=False, font='Open Sans', fontFiles=[], height=0.05, italic=False, languageStyle='LTR', name='EndExpText', opacity=1.0, ori=0.0, pos=array([0., 0.]), rgb=UNKNOWN, text=str(...), units='height', win=Window(...), wrapWidth=1)
5.1973 	EXP 	Imported InstrFile/Instr_PC.csv as conditions, 5 conditions, 1 params
5.1981 	EXP 	Created sequence: sequential, trialTypes=5, nReps=1, seed=None
5.1983 	EXP 	New trial (rep=0, index=0): OrderedDict([('chInstrSlide', 'InstrSlides/PC_s1.png')])
5.2352 	EXP 	MWdefInstr: image = 'InstrSlides/PC_s1.png'
5.2352 	EXP 	MWdefInstr: autoDraw = True
9.7256 	EXP 	New trial (rep=0, index=1): OrderedDict([('chInstrSlide', 'InstrSlides/PC_s2.png')])
9.7362 	DATA 	Keypress: space
9.7372 	EXP 	MWdefInstr: autoDraw = False
9.7372 	EXP 	MWdefInstr: image = 'InstrSlides/PC_s2.png'
9.7372 	EXP 	MWdefInstr: autoDraw = True
13.9584 	EXP 	New trial (rep=0, index=2): OrderedDict([('chInstrSlide', 'InstrSlides/PC_s3.png')])
13.9678 	DATA 	Keypress: space
13.9688 	EXP 	MWdefInstr: autoDraw = False
13.9688 	EXP 	MWdefInstr: image = 'InstrSlides/PC_s3.png'
13.9688 	EXP 	MWdefInstr: autoDraw = True
14.3267 	EXP 	New trial (rep=0, index=3): OrderedDict([('chInstrSlide', 'InstrSlides/PC_s4.png')])
14.3353 	DATA 	Keypress: space
14.3363 	EXP 	MWdefInstr: autoDraw = False
14.3363 	EXP 	MWdefInstr: image = 'InstrSlides/PC_s4.png'
14.3363 	EXP 	MWdefInstr: autoDraw = True
14.6465 	EXP 	New trial (rep=0, index=4): OrderedDict([('chInstrSlide', 'InstrSlides/PC_s5.png')])
14.6576 	DATA 	Keypress: space
14.6586 	EXP 	MWdefInstr: autoDraw = False
14.6586 	EXP 	MWdefInstr: image = 'InstrSlides/PC_s5.png'
14.6586 	EXP 	MWdefInstr: autoDraw = True
15.1835 	DATA 	Keypress: space
15.1880 	EXP 	MWdefInstr: autoDraw = False
15.1880 	EXP 	text: autoDraw = True
17.7332 	DATA 	Keypress: space
17.7388 	EXP 	text: autoDraw = False
17.7388 	EXP 	NoSkipping: autoDraw = True
21.6958 	DATA 	Keypress: space
21.7051 	EXP 	Imported LifePages.csv as conditions, 17 conditions, 1 params
21.7054 	EXP 	Created sequence: sequential, trialTypes=17, nReps=1, seed=None
21.7055 	EXP 	New trial (rep=0, index=0): OrderedDict([('ChPage', 'images/21.1.png')])
21.7446 	EXP 	NoSkipping: autoDraw = False
21.7446 	EXP 	imagePages: image = 'images/21.1.png'
21.7446 	EXP 	imagePages: autoDraw = True
21.7446 	EXP 	PCProbe: autoDraw = True
21.7446 	EXP 	PCProbe: texRes = 128.0
21.7446 	EXP 	SCProbe: autoDraw = True
21.7446 	EXP 	SCProbe: texRes = 128
21.7525 	EXP 	PCProbe: texRes = 128.0
21.7525 	EXP 	SCProbe: texRes = 128
21.7605 	EXP 	PCProbe: texRes = 128.0
21.7605 	EXP 	SCProbe: texRes = 128
21.7681 	EXP 	PCProbe: texRes = 128.0
21.7681 	EXP 	SCProbe: texRes = 128
21.7759 	EXP 	PCProbe: texRes = 128.0
21.7759 	EXP 	SCProbe: texRes = 128
21.7839 	EXP 	PCProbe: texRes = 128.0
21.7839 	EXP 	SCProbe: texRes = 128
21.7923 	EXP 	PCProbe: texRes = 128.0
21.7923 	EXP 	SCProbe: texRes = 128
21.8009 	EXP 	PCProbe: texRes = 128.0
21.8009 	EXP 	SCProbe: texRes = 128
21.8115 	EXP 	PCProbe: texRes = 128.0
21.8115 	EXP 	SCProbe: texRes = 128
21.8190 	EXP 	PCProbe: texRes = 128.0
21.8190 	EXP 	SCProbe: texRes = 128
21.8266 	EXP 	PCProbe: texRes = 128.0
21.8266 	EXP 	SCProbe: texRes = 128
21.8341 	EXP 	PCProbe: texRes = 128.0
21.8341 	EXP 	SCProbe: texRes = 128
21.8419 	EXP 	PCProbe: texRes = 128.0
21.8419 	EXP 	SCProbe: texRes = 128
21.8495 	EXP 	PCProbe: texRes = 128.0
21.8495 	EXP 	SCProbe: texRes = 128
21.8574 	EXP 	PCProbe: texRes = 128.0
21.8574 	EXP 	SCProbe: texRes = 128
21.8654 	EXP 	PCProbe: texRes = 128.0
21.8654 	EXP 	SCProbe: texRes = 128
21.8732 	EXP 	PCProbe: texRes = 128.0
21.8732 	EXP 	SCProbe: texRes = 128
21.8806 	EXP 	PCProbe: texRes = 128.0
21.8806 	EXP 	SCProbe: texRes = 128
21.8881 	EXP 	PCProbe: texRes = 128.0
21.8881 	EXP 	SCProbe: texRes = 128
21.8956 	EXP 	PCProbe: texRes = 128.0
21.8956 	EXP 	SCProbe: texRes = 128
21.9039 	EXP 	PCProbe: texRes = 128.0
21.9039 	EXP 	SCProbe: texRes = 128
21.9117 	EXP 	PCProbe: texRes = 128.0
21.9117 	EXP 	SCProbe: texRes = 128
21.9199 	EXP 	PCProbe: texRes = 128.0
21.9199 	EXP 	SCProbe: texRes = 128
21.9280 	EXP 	PCProbe: texRes = 128.0
21.9280 	EXP 	SCProbe: texRes = 128
21.9369 	EXP 	PCProbe: texRes = 128.0
21.9369 	EXP 	SCProbe: texRes = 128
21.9452 	EXP 	PCProbe: texRes = 128.0
21.9452 	EXP 	SCProbe: texRes = 128
21.9534 	EXP 	PCProbe: texRes = 128.0
21.9534 	EXP 	SCProbe: texRes = 128
21.9618 	EXP 	PCProbe: texRes = 128.0
21.9618 	EXP 	SCProbe: texRes = 128
21.9703 	EXP 	PCProbe: texRes = 128.0
21.9703 	EXP 	SCProbe: texRes = 128
21.9784 	EXP 	PCProbe: texRes = 128.0
21.9784 	EXP 	SCProbe: texRes = 128
21.9862 	EXP 	PCProbe: texRes = 128.0
21.9862 	EXP 	SCProbe: texRes = 128
21.9944 	EXP 	PCProbe: texRes = 128.0
21.9944 	EXP 	SCProbe: texRes = 128
22.0025 	EXP 	PCProbe: texRes = 128.0
22.0025 	EXP 	SCProbe: texRes = 128
22.0107 	EXP 	PCProbe: texRes = 128.0
22.0107 	EXP 	SCProbe: texRes = 128
22.0193 	EXP 	PCProbe: texRes = 128.0
22.0193 	EXP 	SCProbe: texRes = 128
22.0273 	EXP 	PCProbe: texRes = 128.0
22.0273 	EXP 	SCProbe: texRes = 128
22.0353 	EXP 	PCProbe: texRes = 128.0
22.0353 	EXP 	SCProbe: texRes = 128
22.0432 	EXP 	PCProbe: texRes = 128.0
22.0432 	EXP 	SCProbe: texRes = 128
22.0557 	EXP 	PCProbe: texRes = 128.0
22.0557 	EXP 	SCProbe: texRes = 128
22.0635 	EXP 	PCProbe: texRes = 128.0
22.0635 	EXP 	SCProbe: texRes = 128
22.0711 	EXP 	PCProbe: texRes = 128.0
22.0711 	EXP 	SCProbe: texRes = 128
22.0788 	EXP 	PCProbe: texRes = 128.0
22.0788 	EXP 	SCProbe: texRes = 128
22.0864 	EXP 	PCProbe: texRes = 128.0
22.0864 	EXP 	SCProbe: texRes = 128
22.0942 	EXP 	PCProbe: texRes = 128.0
22.0942 	EXP 	SCProbe: texRes = 128
22.1020 	EXP 	PCProbe: texRes = 128.0
22.1020 	EXP 	SCProbe: texRes = 128
22.1098 	EXP 	PCProbe: texRes = 128.0
22.1098 	EXP 	SCProbe: texRes = 128
22.1176 	EXP 	PCProbe: texRes = 128.0
22.1176 	EXP 	SCProbe: texRes = 128
22.1253 	EXP 	PCProbe: texRes = 128.0
22.1253 	EXP 	SCProbe: texRes = 128
22.1329 	EXP 	PCProbe: texRes = 128.0
22.1329 	EXP 	SCProbe: texRes = 128
22.1408 	EXP 	PCProbe: texRes = 128.0
22.1408 	EXP 	SCProbe: texRes = 128
22.1485 	EXP 	PCProbe: texRes = 128.0
22.1485 	EXP 	SCProbe: texRes = 128
22.1563 	EXP 	PCProbe: texRes = 128.0
22.1563 	EXP 	SCProbe: texRes = 128
22.1641 	EXP 	PCProbe: texRes = 128.0
22.1641 	EXP 	SCProbe: texRes = 128
22.1716 	EXP 	PCProbe: texRes = 128.0
22.1716 	EXP 	SCProbe: texRes = 128
22.1792 	EXP 	PCProbe: texRes = 128.0
22.1792 	EXP 	SCProbe: texRes = 128
22.1868 	EXP 	PCProbe: texRes = 128.0
22.1868 	EXP 	SCProbe: texRes = 128
22.1945 	EXP 	PCProbe: texRes = 128.0
22.1945 	EXP 	SCProbe: texRes = 128
22.2021 	EXP 	PCProbe: texRes = 128.0
22.2021 	EXP 	SCProbe: texRes = 128
22.2099 	EXP 	PCProbe: texRes = 128.0
22.2099 	EXP 	SCProbe: texRes = 128
22.2177 	EXP 	PCProbe: texRes = 128.0
22.2177 	EXP 	SCProbe: texRes = 128
22.2255 	EXP 	PCProbe: texRes = 128.0
22.2255 	EXP 	SCProbe: texRes = 128
22.2332 	EXP 	PCProbe: texRes = 128.0
22.2332 	EXP 	SCProbe: texRes = 128
22.2411 	EXP 	PCProbe: texRes = 128.0
22.2411 	EXP 	SCProbe: texRes = 128
22.2489 	EXP 	PCProbe: texRes = 128.0
22.2489 	EXP 	SCProbe: texRes = 128
22.2570 	EXP 	PCProbe: texRes = 128.0
22.2570 	EXP 	SCProbe: texRes = 128
22.2652 	EXP 	PCProbe: texRes = 128.0
22.2652 	EXP 	SCProbe: texRes = 128
22.2736 	EXP 	PCProbe: texRes = 128.0
22.2736 	EXP 	SCProbe: texRes = 128
22.2820 	EXP 	PCProbe: texRes = 128.0
22.2820 	EXP 	SCProbe: texRes = 128
22.2907 	EXP 	PCProbe: texRes = 128.0
22.2907 	EXP 	SCProbe: texRes = 128
22.2995 	EXP 	PCProbe: texRes = 128.0
22.2995 	EXP 	SCProbe: texRes = 128
22.3135 	EXP 	PCProbe: texRes = 128.0
22.3135 	EXP 	SCProbe: texRes = 128
22.3211 	EXP 	PCProbe: texRes = 128.0
22.3211 	EXP 	SCProbe: texRes = 128
22.3286 	EXP 	PCProbe: texRes = 128.0
22.3286 	EXP 	SCProbe: texRes = 128
22.3362 	EXP 	PCProbe: texRes = 128.0
22.3362 	EXP 	SCProbe: texRes = 128
22.3437 	EXP 	PCProbe: texRes = 128.0
22.3437 	EXP 	SCProbe: texRes = 128
22.3512 	EXP 	PCProbe: texRes = 128.0
22.3512 	EXP 	SCProbe: texRes = 128
22.3588 	EXP 	PCProbe: texRes = 128.0
22.3588 	EXP 	SCProbe: texRes = 128
22.3666 	EXP 	PCProbe: texRes = 128.0
22.3666 	EXP 	SCProbe: texRes = 128
22.3742 	EXP 	PCProbe: texRes = 128.0
22.3742 	EXP 	SCProbe: texRes = 128
22.3819 	EXP 	PCProbe: texRes = 128.0
22.3819 	EXP 	SCProbe: texRes = 128
22.3894 	EXP 	PCProbe: texRes = 128.0
22.3894 	EXP 	SCProbe: texRes = 128
22.3970 	EXP 	PCProbe: texRes = 128.0
22.3970 	EXP 	SCProbe: texRes = 128
22.4046 	EXP 	PCProbe: texRes = 128.0
22.4046 	EXP 	SCProbe: texRes = 128
22.4124 	EXP 	PCProbe: texRes = 128.0
22.4124 	EXP 	SCProbe: texRes = 128
22.4201 	EXP 	PCProbe: texRes = 128.0
22.4201 	EXP 	SCProbe: texRes = 128
22.4282 	EXP 	PCProbe: texRes = 128.0
22.4282 	EXP 	SCProbe: texRes = 128
22.4365 	EXP 	PCProbe: texRes = 128.0
22.4365 	EXP 	SCProbe: texRes = 128
22.4448 	EXP 	PCProbe: texRes = 128.0
22.4448 	EXP 	SCProbe: texRes = 128
22.4525 	DATA 	Keypress: space
22.4535 	EXP 	PCProbe: texRes = 128.0
22.4535 	EXP 	SCProbe: texRes = 128
22.4618 	EXP 	PCProbe: texRes = 128.0
22.4618 	EXP 	SCProbe: texRes = 128
22.4695 	EXP 	New trial (rep=0, index=1): OrderedDict([('ChPage', 'images/21.2.png')])
22.4916 	EXP 	PCProbe: texRes = 128.0
22.4916 	EXP 	SCProbe: texRes = 128
22.4916 	EXP 	imagePages: autoDraw = False
22.4916 	EXP 	PCProbe: autoDraw = False
22.4916 	EXP 	SCProbe: autoDraw = False
22.4916 	EXP 	imagePages: image = 'images/21.2.png'
22.4916 	EXP 	imagePages: autoDraw = True
22.4916 	EXP 	PCProbe: autoDraw = True
22.4916 	EXP 	PCProbe: texRes = 128.0
22.4916 	EXP 	SCProbe: autoDraw = True
22.4916 	EXP 	SCProbe: texRes = 128
22.4996 	EXP 	PCProbe: texRes = 128.0
22.4996 	EXP 	SCProbe: texRes = 128
22.5078 	EXP 	PCProbe: texRes = 128.0
22.5078 	EXP 	SCProbe: texRes = 128
22.5158 	EXP 	PCProbe: texRes = 128.0
22.5158 	EXP 	SCProbe: texRes = 128
22.5243 	EXP 	PCProbe: texRes = 128.0
22.5243 	EXP 	SCProbe: texRes = 128
22.5325 	EXP 	PCProbe: texRes = 128.0
22.5325 	EXP 	SCProbe: texRes = 128
22.5411 	EXP 	PCProbe: texRes = 128.0
22.5411 	EXP 	SCProbe: texRes = 128
22.5496 	EXP 	PCProbe: texRes = 128.0
22.5496 	EXP 	SCProbe: texRes = 128
22.5587 	EXP 	PCProbe: texRes = 128.0
22.5587 	EXP 	SCProbe: texRes = 128
22.5719 	EXP 	PCProbe: texRes = 128.0
22.5719 	EXP 	SCProbe: texRes = 128
22.5799 	EXP 	PCProbe: texRes = 128.0
22.5799 	EXP 	SCProbe: texRes = 128
22.5879 	EXP 	PCProbe: texRes = 128.0
22.5879 	EXP 	SCProbe: texRes = 128
22.5958 	EXP 	PCProbe: texRes = 128.0
22.5958 	EXP 	SCProbe: texRes = 128
22.6038 	EXP 	PCProbe: texRes = 128.0
22.6038 	EXP 	SCProbe: texRes = 128
22.6119 	EXP 	PCProbe: texRes = 128.0
22.6119 	EXP 	SCProbe: texRes = 128
22.6198 	EXP 	PCProbe: texRes = 128.0
22.6198 	EXP 	SCProbe: texRes = 128
22.6279 	EXP 	PCProbe: texRes = 128.0
22.6279 	EXP 	SCProbe: texRes = 128
22.6358 	EXP 	PCProbe: texRes = 128.0
22.6358 	EXP 	SCProbe: texRes = 128
22.6432 	EXP 	PCProbe: texRes = 128.0
22.6432 	EXP 	SCProbe: texRes = 128
22.6509 	EXP 	PCProbe: texRes = 128.0
22.6509 	EXP 	SCProbe: texRes = 128
22.6583 	EXP 	PCProbe: texRes = 128.0
22.6583 	EXP 	SCProbe: texRes = 128
22.6660 	EXP 	PCProbe: texRes = 128.0
22.6660 	EXP 	SCProbe: texRes = 128
22.6736 	EXP 	PCProbe: texRes = 128.0
22.6736 	EXP 	SCProbe: texRes = 128
22.6814 	EXP 	PCProbe: texRes = 128.0
22.6814 	EXP 	SCProbe: texRes = 128
22.6889 	EXP 	PCProbe: texRes = 128.0
22.6889 	EXP 	SCProbe: texRes = 128
22.6967 	EXP 	PCProbe: texRes = 128.0
22.6967 	EXP 	SCProbe: texRes = 128
22.7044 	EXP 	PCProbe: texRes = 128.0
22.7044 	EXP 	SCProbe: texRes = 128
22.7122 	EXP 	PCProbe: texRes = 128.0
22.7122 	EXP 	SCProbe: texRes = 128
22.7199 	EXP 	PCProbe: texRes = 128.0
22.7199 	EXP 	SCProbe: texRes = 128
22.7278 	EXP 	PCProbe: texRes = 128.0
22.7278 	EXP 	SCProbe: texRes = 128
22.7354 	EXP 	PCProbe: texRes = 128.0
22.7354 	EXP 	SCProbe: texRes = 128
22.7433 	EXP 	PCProbe: texRes = 128.0
22.7433 	EXP 	SCProbe: texRes = 128
22.7510 	EXP 	PCProbe: texRes = 128.0
22.7510 	EXP 	SCProbe: texRes = 128
22.7584 	EXP 	PCProbe: texRes = 128.0
22.7584 	EXP 	SCProbe: texRes = 128
22.7660 	EXP 	PCProbe: texRes = 128.0
22.7660 	EXP 	SCProbe: texRes = 128
22.7740 	EXP 	PCProbe: texRes = 128.0
22.7740 	EXP 	SCProbe: texRes = 128
22.7821 	EXP 	PCProbe: texRes = 128.0
22.7821 	EXP 	SCProbe: texRes = 128
22.7904 	EXP 	PCProbe: texRes = 128.0
22.7904 	EXP 	SCProbe: texRes = 128
22.7988 	EXP 	PCProbe: texRes = 128.0
22.7988 	EXP 	SCProbe: texRes = 128
22.8075 	EXP 	PCProbe: texRes = 128.0
22.8075 	EXP 	SCProbe: texRes = 128
22.8163 	EXP 	PCProbe: texRes = 128.0
22.8163 	EXP 	SCProbe: texRes = 128
22.8291 	EXP 	PCProbe: texRes = 128.0
22.8291 	EXP 	SCProbe: texRes = 128
22.8368 	EXP 	PCProbe: texRes = 128.0
22.8368 	EXP 	SCProbe: texRes = 128
22.8444 	EXP 	PCProbe: texRes = 128.0
22.8444 	EXP 	SCProbe: texRes = 128
22.8520 	EXP 	PCProbe: texRes = 128.0
22.8520 	EXP 	SCProbe: texRes = 128
22.8597 	EXP 	PCProbe: texRes = 128.0
22.8597 	EXP 	SCProbe: texRes = 128
22.8674 	EXP 	PCProbe: texRes = 128.0
22.8674 	EXP 	SCProbe: texRes = 128
22.8752 	EXP 	PCProbe: texRes = 128.0
22.8752 	EXP 	SCProbe: texRes = 128
22.8829 	EXP 	PCProbe: texRes = 128.0
22.8829 	EXP 	SCProbe: texRes = 128
22.8905 	EXP 	PCProbe: texRes = 128.0
22.8905 	EXP 	SCProbe: texRes = 128
22.8983 	EXP 	PCProbe: texRes = 128.0
22.8983 	EXP 	SCProbe: texRes = 128
22.9062 	EXP 	PCProbe: texRes = 128.0
22.9062 	EXP 	SCProbe: texRes = 128
22.9137 	EXP 	PCProbe: texRes = 128.0
22.9137 	EXP 	SCProbe: texRes = 128
22.9214 	EXP 	PCProbe: texRes = 128.0
22.9214 	EXP 	SCProbe: texRes = 128
22.9299 	EXP 	PCProbe: texRes = 128.0
22.9299 	EXP 	SCProbe: texRes = 128
22.9378 	EXP 	PCProbe: texRes = 128.0
22.9378 	EXP 	SCProbe: texRes = 128
22.9454 	EXP 	PCProbe: texRes = 128.0
22.9454 	EXP 	SCProbe: texRes = 128
22.9532 	EXP 	PCProbe: texRes = 128.0
22.9532 	EXP 	SCProbe: texRes = 128
22.9609 	EXP 	PCProbe: texRes = 128.0
22.9609 	EXP 	SCProbe: texRes = 128
22.9686 	EXP 	PCProbe: texRes = 128.0
22.9686 	EXP 	SCProbe: texRes = 128
22.9758 	DATA 	Keypress: space
22.9767 	EXP 	PCProbe: texRes = 128.0
22.9767 	EXP 	SCProbe: texRes = 128
22.9851 	EXP 	PCProbe: texRes = 128.0
22.9851 	EXP 	SCProbe: texRes = 128
22.9922 	EXP 	New trial (rep=0, index=2): OrderedDict([('ChPage', 'images/21.3.png')])
23.0130 	EXP 	PCProbe: texRes = 128.0
23.0130 	EXP 	SCProbe: texRes = 128
23.0130 	EXP 	imagePages: autoDraw = False
23.0130 	EXP 	PCProbe: autoDraw = False
23.0130 	EXP 	SCProbe: autoDraw = False
23.0130 	EXP 	imagePages: image = 'images/21.3.png'
23.0130 	EXP 	imagePages: autoDraw = True
23.0130 	EXP 	PCProbe: autoDraw = True
23.0130 	EXP 	PCProbe: texRes = 128.0
23.0130 	EXP 	SCProbe: autoDraw = True
23.0130 	EXP 	SCProbe: texRes = 128
23.0209 	EXP 	PCProbe: texRes = 128.0
23.0209 	EXP 	SCProbe: texRes = 128
23.0289 	EXP 	PCProbe: texRes = 128.0
23.0289 	EXP 	SCProbe: texRes = 128
23.0369 	EXP 	PCProbe: texRes = 128.0
23.0369 	EXP 	SCProbe: texRes = 128
23.0451 	EXP 	PCProbe: texRes = 128.0
23.0451 	EXP 	SCProbe: texRes = 128
23.0532 	EXP 	PCProbe: texRes = 128.0
23.0532 	EXP 	SCProbe: texRes = 128
23.0617 	EXP 	PCProbe: texRes = 128.0
23.0617 	EXP 	SCProbe: texRes = 128
23.0704 	EXP 	PCProbe: texRes = 128.0
23.0704 	EXP 	SCProbe: texRes = 128
23.0791 	EXP 	PCProbe: texRes = 128.0
23.0791 	EXP 	SCProbe: texRes = 128
23.0918 	EXP 	PCProbe: texRes = 128.0
23.0918 	EXP 	SCProbe: texRes = 128
23.0995 	EXP 	PCProbe: texRes = 128.0
23.0995 	EXP 	SCProbe: texRes = 128
23.1071 	EXP 	PCProbe: texRes = 128.0
23.1071 	EXP 	SCProbe: texRes = 128
23.1148 	EXP 	PCProbe: texRes = 128.0
23.1148 	EXP 	SCProbe: texRes = 128
23.1224 	EXP 	PCProbe: texRes = 128.0
23.1224 	EXP 	SCProbe: texRes = 128
23.1301 	EXP 	PCProbe: texRes = 128.0
23.1301 	EXP 	SCProbe: texRes = 128
23.1379 	EXP 	PCProbe: texRes = 128.0
23.1379 	EXP 	SCProbe: texRes = 128
23.1457 	EXP 	PCProbe: texRes = 128.0
23.1457 	EXP 	SCProbe: texRes = 128
23.1533 	EXP 	PCProbe: texRes = 128.0
23.1533 	EXP 	SCProbe: texRes = 128
23.1609 	EXP 	PCProbe: texRes = 128.0
23.1609 	EXP 	SCProbe: texRes = 128
23.1684 	EXP 	PCProbe: texRes = 128.0
23.1684 	EXP 	SCProbe: texRes = 128
23.1761 	EXP 	PCProbe: texRes = 128.0
23.1761 	EXP 	SCProbe: texRes = 128
23.1840 	EXP 	PCProbe: texRes = 128.0
23.1840 	EXP 	SCProbe: texRes = 128
23.1919 	EXP 	PCProbe: texRes = 128.0
23.1919 	EXP 	SCProbe: texRes = 128
23.1989 	DATA 	Keypress: space
23.1999 	EXP 	PCProbe: texRes = 128.0
23.1999 	EXP 	SCProbe: texRes = 128
23.2077 	EXP 	PCProbe: texRes = 128.0
23.2077 	EXP 	SCProbe: texRes = 128
23.2143 	EXP 	New trial (rep=0, index=3): OrderedDict([('ChPage', 'images/21.4.png')])
23.2347 	EXP 	PCProbe: texRes = 128.0
23.2347 	EXP 	SCProbe: texRes = 128
23.2347 	EXP 	imagePages: autoDraw = False
23.2347 	EXP 	PCProbe: autoDraw = False
23.2347 	EXP 	SCProbe: autoDraw = False
23.2347 	EXP 	imagePages: image = 'images/21.4.png'
23.2347 	EXP 	imagePages: autoDraw = True
23.2347 	EXP 	PCProbe: autoDraw = True
23.2347 	EXP 	PCProbe: texRes = 128.0
23.2347 	EXP 	SCProbe: autoDraw = True
23.2347 	EXP 	SCProbe: texRes = 128
23.2425 	EXP 	PCProbe: texRes = 128.0
23.2425 	EXP 	SCProbe: texRes = 128
23.2503 	EXP 	PCProbe: texRes = 128.0
23.2503 	EXP 	SCProbe: texRes = 128
23.2580 	EXP 	PCProbe: texRes = 128.0
23.2580 	EXP 	SCProbe: texRes = 128
23.2655 	EXP 	PCProbe: texRes = 128.0
23.2655 	EXP 	SCProbe: texRes = 128
23.2736 	EXP 	PCProbe: texRes = 128.0
23.2736 	EXP 	SCProbe: texRes = 128
23.2821 	EXP 	PCProbe: texRes = 128.0
23.2821 	EXP 	SCProbe: texRes = 128
23.2902 	EXP 	PCProbe: texRes = 128.0
23.2902 	EXP 	SCProbe: texRes = 128
23.2984 	EXP 	PCProbe: texRes = 128.0
23.2984 	EXP 	SCProbe: texRes = 128
23.3067 	EXP 	PCProbe: texRes = 128.0
23.3067 	EXP 	SCProbe: texRes = 128
23.3152 	EXP 	PCProbe: texRes = 128.0
23.3152 	EXP 	SCProbe: texRes = 128
23.3237 	EXP 	PCProbe: texRes = 128.0
23.3237 	EXP 	SCProbe: texRes = 128
23.3324 	EXP 	PCProbe: texRes = 128.0
23.3324 	EXP 	SCProbe: texRes = 128
23.3455 	EXP 	PCProbe: texRes = 128.0
23.3455 	EXP 	SCProbe: texRes = 128
23.3532 	EXP 	PCProbe: texRes = 128.0
23.3532 	EXP 	SCProbe: texRes = 128
23.3607 	EXP 	PCProbe: texRes = 128.0
23.3607 	EXP 	SCProbe: texRes = 128
23.3683 	EXP 	PCProbe: texRes = 128.0
23.3683 	EXP 	SCProbe: texRes = 128
23.3759 	EXP 	PCProbe: texRes = 128.0
23.3759 	EXP 	SCProbe: texRes = 128
23.3836 	EXP 	PCProbe: texRes = 128.0
23.3836 	EXP 	SCProbe: texRes = 128
23.3914 	EXP 	PCProbe: texRes = 128.0
23.3914 	EXP 	SCProbe: texRes = 128
23.3986 	DATA 	Keypress: space
23.3995 	EXP 	PCProbe: texRes = 128.0
23.3995 	EXP 	SCProbe: texRes = 128
23.4075 	EXP 	PCProbe: texRes = 128.0
23.4075 	EXP 	SCProbe: texRes = 128
23.4145 	EXP 	New trial (rep=0, index=4): OrderedDict([('ChPage', 'images/21.5.png')])
23.4346 	EXP 	PCProbe: texRes = 128.0
23.4346 	EXP 	SCProbe: texRes = 128
23.4346 	EXP 	imagePages: autoDraw = False
23.4346 	EXP 	PCProbe: autoDraw = False
23.4346 	EXP 	SCProbe: autoDraw = False
23.4346 	EXP 	imagePages: image = 'images/21.5.png'
23.4346 	EXP 	imagePages: autoDraw = True
23.4346 	EXP 	PCProbe: autoDraw = True
23.4346 	EXP 	PCProbe: texRes = 128.0
23.4346 	EXP 	SCProbe: autoDraw = True
23.4346 	EXP 	SCProbe: texRes = 128
23.4440 	EXP 	PCProbe: texRes = 128.0
23.4440 	EXP 	SCProbe: texRes = 128
23.4527 	EXP 	PCProbe: texRes = 128.0
23.4527 	EXP 	SCProbe: texRes = 128
23.4613 	EXP 	PCProbe: texRes = 128.0
23.4613 	EXP 	SCProbe: texRes = 128
23.4696 	EXP 	PCProbe: texRes = 128.0
23.4696 	EXP 	SCProbe: texRes = 128
23.4775 	EXP 	PCProbe: texRes = 128.0
23.4775 	EXP 	SCProbe: texRes = 128
23.4856 	EXP 	PCProbe: texRes = 128.0
23.4856 	EXP 	SCProbe: texRes = 128
23.4937 	EXP 	PCProbe: texRes = 128.0
23.4937 	EXP 	SCProbe: texRes = 128
23.5020 	EXP 	PCProbe: texRes = 128.0
23.5020 	EXP 	SCProbe: texRes = 128
23.5106 	EXP 	PCProbe: texRes = 128.0
23.5106 	EXP 	SCProbe: texRes = 128
23.5191 	EXP 	PCProbe: texRes = 128.0
23.5191 	EXP 	SCProbe: texRes = 128
23.5272 	EXP 	PCProbe: texRes = 128.0
23.5272 	EXP 	SCProbe: texRes = 128
23.5353 	EXP 	PCProbe: texRes = 128.0
23.5353 	EXP 	SCProbe: texRes = 128
23.5433 	EXP 	PCProbe: texRes = 128.0
23.5433 	EXP 	SCProbe: texRes = 128
23.5517 	EXP 	PCProbe: texRes = 128.0
23.5517 	EXP 	SCProbe: texRes = 128
23.5601 	EXP 	PCProbe: texRes = 128.0
23.5601 	EXP 	SCProbe: texRes = 128
23.5688 	EXP 	PCProbe: texRes = 128.0
23.5688 	EXP 	SCProbe: texRes = 128
23.5774 	EXP 	PCProbe: texRes = 128.0
23.5774 	EXP 	SCProbe: texRes = 128
23.5865 	EXP 	PCProbe: texRes = 128.0
23.5865 	EXP 	SCProbe: texRes = 128
23.5952 	EXP 	PCProbe: texRes = 128.0
23.5952 	EXP 	SCProbe: texRes = 128
23.6043 	EXP 	PCProbe: texRes = 128.0
23.6043 	EXP 	SCProbe: texRes = 128
23.6166 	DATA 	Keypress: space
23.6176 	EXP 	PCProbe: texRes = 128.0
23.6176 	EXP 	SCProbe: texRes = 128
23.6256 	EXP 	PCProbe: texRes = 128.0
23.6256 	EXP 	SCProbe: texRes = 128
23.6324 	EXP 	New trial (rep=0, index=5): OrderedDict([('ChPage', 'images/21.6.png')])
23.6549 	EXP 	PCProbe: texRes = 128.0
23.6549 	EXP 	SCProbe: texRes = 128
23.6549 	EXP 	imagePages: autoDraw = False
23.6549 	EXP 	PCProbe: autoDraw = False
23.6549 	EXP 	SCProbe: autoDraw = False
23.6549 	EXP 	imagePages: image = 'images/21.6.png'
23.6549 	EXP 	imagePages: autoDraw = True
23.6549 	EXP 	PCProbe: autoDraw = True
23.6549 	EXP 	PCProbe: texRes = 128.0
23.6549 	EXP 	SCProbe: autoDraw = True
23.6549 	EXP 	SCProbe: texRes = 128
23.6629 	EXP 	PCProbe: texRes = 128.0
23.6629 	EXP 	SCProbe: texRes = 128
23.6713 	EXP 	PCProbe: texRes = 128.0
23.6713 	EXP 	SCProbe: texRes = 128
23.6797 	EXP 	PCProbe: texRes = 128.0
23.6797 	EXP 	SCProbe: texRes = 128
23.6875 	EXP 	PCProbe: texRes = 128.0
23.6875 	EXP 	SCProbe: texRes = 128
23.6955 	EXP 	PCProbe: texRes = 128.0
23.6955 	EXP 	SCProbe: texRes = 128
23.7032 	EXP 	PCProbe: texRes = 128.0
23.7032 	EXP 	SCProbe: texRes = 128
23.7110 	EXP 	PCProbe: texRes = 128.0
23.7110 	EXP 	SCProbe: texRes = 128
23.7187 	EXP 	PCProbe: texRes = 128.0
23.7187 	EXP 	SCProbe: texRes = 128
23.7271 	EXP 	PCProbe: texRes = 128.0
23.7271 	EXP 	SCProbe: texRes = 128
23.7349 	EXP 	PCProbe: texRes = 128.0
23.7349 	EXP 	SCProbe: texRes = 128
23.7425 	EXP 	PCProbe: texRes = 128.0
23.7425 	EXP 	SCProbe: texRes = 128
23.7503 	EXP 	PCProbe: texRes = 128.0
23.7503 	EXP 	SCProbe: texRes = 128
23.7580 	EXP 	PCProbe: texRes = 128.0
23.7580 	EXP 	SCProbe: texRes = 128
23.7655 	EXP 	PCProbe: texRes = 128.0
23.7655 	EXP 	SCProbe: texRes = 128
23.7725 	DATA 	Keypress: space
23.7734 	EXP 	PCProbe: texRes = 128.0
23.7734 	EXP 	SCProbe: texRes = 128
23.7810 	EXP 	PCProbe: texRes = 128.0
23.7810 	EXP 	SCProbe: texRes = 128
23.7877 	EXP 	New trial (rep=0, index=6): OrderedDict([('ChPage', 'images/21.7.png')])
23.8080 	EXP 	PCProbe: texRes = 128.0
23.8080 	EXP 	SCProbe: texRes = 128
23.8080 	EXP 	imagePages: autoDraw = False
23.8080 	EXP 	PCProbe: autoDraw = False
23.8080 	EXP 	SCProbe: autoDraw = False
23.8080 	EXP 	imagePages: image = 'images/21.7.png'
23.8080 	EXP 	imagePages: autoDraw = True
23.8080 	EXP 	PCProbe: autoDraw = True
23.8080 	EXP 	PCProbe: texRes = 128.0
23.8080 	EXP 	SCProbe: autoDraw = True
23.8080 	EXP 	SCProbe: texRes = 128
23.8160 	EXP 	PCProbe: texRes = 128.0
23.8160 	EXP 	SCProbe: texRes = 128
23.8239 	EXP 	PCProbe: texRes = 128.0
23.8239 	EXP 	SCProbe: texRes = 128
23.8321 	EXP 	PCProbe: texRes = 128.0
23.8321 	EXP 	SCProbe: texRes = 128
23.8403 	EXP 	PCProbe: texRes = 128.0
23.8403 	EXP 	SCProbe: texRes = 128
23.8486 	EXP 	PCProbe: texRes = 128.0
23.8486 	EXP 	SCProbe: texRes = 128
23.8571 	EXP 	PCProbe: texRes = 128.0
23.8571 	EXP 	SCProbe: texRes = 128
23.8657 	EXP 	PCProbe: texRes = 128.0
23.8657 	EXP 	SCProbe: texRes = 128
23.8793 	EXP 	PCProbe: texRes = 128.0
23.8793 	EXP 	SCProbe: texRes = 128
23.8876 	EXP 	PCProbe: texRes = 128.0
23.8876 	EXP 	SCProbe: texRes = 128
23.8963 	EXP 	PCProbe: texRes = 128.0
23.8963 	EXP 	SCProbe: texRes = 128
23.9047 	EXP 	PCProbe: texRes = 128.0
23.9047 	EXP 	SCProbe: texRes = 128
23.9133 	EXP 	PCProbe: texRes = 128.0
23.9133 	EXP 	SCProbe: texRes = 128
23.9214 	EXP 	PCProbe: texRes = 128.0
23.9214 	EXP 	SCProbe: texRes = 128
23.9299 	EXP 	PCProbe: texRes = 128.0
23.9299 	EXP 	SCProbe: texRes = 128
23.9377 	EXP 	PCProbe: texRes = 128.0
23.9377 	EXP 	SCProbe: texRes = 128
23.9457 	EXP 	PCProbe: texRes = 128.0
23.9457 	EXP 	SCProbe: texRes = 128
23.9533 	EXP 	PCProbe: texRes = 128.0
23.9533 	EXP 	SCProbe: texRes = 128
23.9610 	EXP 	PCProbe: texRes = 128.0
23.9610 	EXP 	SCProbe: texRes = 128
23.9687 	EXP 	PCProbe: texRes = 128.0
23.9687 	EXP 	SCProbe: texRes = 128
23.9758 	DATA 	Keypress: space
23.9768 	EXP 	PCProbe: texRes = 128.0
23.9768 	EXP 	SCProbe: texRes = 128
23.9844 	EXP 	PCProbe: texRes = 128.0
23.9844 	EXP 	SCProbe: texRes = 128
23.9918 	EXP 	New trial (rep=0, index=7): OrderedDict([('ChPage', 'images/21.8.png')])
24.0128 	EXP 	PCProbe: texRes = 128.0
24.0128 	EXP 	SCProbe: texRes = 128
24.0128 	EXP 	imagePages: autoDraw = False
24.0128 	EXP 	PCProbe: autoDraw = False
24.0128 	EXP 	SCProbe: autoDraw = False
24.0128 	EXP 	imagePages: image = 'images/21.8.png'
24.0128 	EXP 	imagePages: autoDraw = True
24.0128 	EXP 	PCProbe: autoDraw = True
24.0128 	EXP 	PCProbe: texRes = 128.0
24.0128 	EXP 	SCProbe: autoDraw = True
24.0128 	EXP 	SCProbe: texRes = 128
24.0205 	EXP 	PCProbe: texRes = 128.0
24.0205 	EXP 	SCProbe: texRes = 128
24.0286 	EXP 	PCProbe: texRes = 128.0
24.0286 	EXP 	SCProbe: texRes = 128
24.0364 	EXP 	PCProbe: texRes = 128.0
24.0364 	EXP 	SCProbe: texRes = 128
24.0447 	EXP 	PCProbe: texRes = 128.0
24.0447 	EXP 	SCProbe: texRes = 128
24.0527 	EXP 	PCProbe: texRes = 128.0
24.0527 	EXP 	SCProbe: texRes = 128
24.0605 	EXP 	PCProbe: texRes = 128.0
24.0605 	EXP 	SCProbe: texRes = 128
24.0681 	EXP 	PCProbe: texRes = 128.0
24.0681 	EXP 	SCProbe: texRes = 128
24.0764 	EXP 	PCProbe: texRes = 128.0
24.0764 	EXP 	SCProbe: texRes = 128
24.0843 	EXP 	PCProbe: texRes = 128.0
24.0843 	EXP 	SCProbe: texRes = 128
24.0924 	EXP 	PCProbe: texRes = 128.0
24.0924 	EXP 	SCProbe: texRes = 128
24.1007 	EXP 	PCProbe: texRes = 128.0
24.1007 	EXP 	SCProbe: texRes = 128
24.1091 	EXP 	PCProbe: texRes = 128.0
24.1091 	EXP 	SCProbe: texRes = 128
24.1179 	EXP 	PCProbe: texRes = 128.0
24.1179 	EXP 	SCProbe: texRes = 128
24.1270 	EXP 	PCProbe: texRes = 128.0
24.1270 	EXP 	SCProbe: texRes = 128
24.1359 	EXP 	PCProbe: texRes = 128.0
24.1359 	EXP 	SCProbe: texRes = 128
24.1491 	EXP 	PCProbe: texRes = 128.0
24.1491 	EXP 	SCProbe: texRes = 128
24.1568 	EXP 	PCProbe: texRes = 128.0
24.1568 	EXP 	SCProbe: texRes = 128
24.1641 	DATA 	Keypress: space
24.1650 	EXP 	PCProbe: texRes = 128.0
24.1650 	EXP 	SCProbe: texRes = 128
24.1718 	EXP 	New trial (rep=0, index=8): OrderedDict([('ChPage', 'images/21.9.png')])
24.1924 	EXP 	PCProbe: texRes = 128.0
24.1924 	EXP 	SCProbe: texRes = 128
24.1924 	EXP 	imagePages: autoDraw = False
24.1924 	EXP 	PCProbe: autoDraw = False
24.1924 	EXP 	SCProbe: autoDraw = False
24.1924 	EXP 	imagePages: image = 'images/21.9.png'
24.1924 	EXP 	imagePages: autoDraw = True
24.1924 	EXP 	PCProbe: autoDraw = True
24.1924 	EXP 	PCProbe: texRes = 128.0
24.1924 	EXP 	SCProbe: autoDraw = True
24.1924 	EXP 	SCProbe: texRes = 128
24.2004 	EXP 	PCProbe: texRes = 128.0
24.2004 	EXP 	SCProbe: texRes = 128
24.2080 	EXP 	PCProbe: texRes = 128.0
24.2080 	EXP 	SCProbe: texRes = 128
24.2158 	EXP 	PCProbe: texRes = 128.0
24.2158 	EXP 	SCProbe: texRes = 128
24.2233 	EXP 	PCProbe: texRes = 128.0
24.2233 	EXP 	SCProbe: texRes = 128
24.2310 	EXP 	PCProbe: texRes = 128.0
24.2310 	EXP 	SCProbe: texRes = 128
24.2386 	EXP 	PCProbe: texRes = 128.0
24.2386 	EXP 	SCProbe: texRes = 128
24.2466 	EXP 	PCProbe: texRes = 128.0
24.2466 	EXP 	SCProbe: texRes = 128
24.2545 	EXP 	PCProbe: texRes = 128.0
24.2545 	EXP 	SCProbe: texRes = 128
24.2624 	EXP 	PCProbe: texRes = 128.0
24.2624 	EXP 	SCProbe: texRes = 128
24.2700 	EXP 	PCProbe: texRes = 128.0
24.2700 	EXP 	SCProbe: texRes = 128
24.2781 	EXP 	PCProbe: texRes = 128.0
24.2781 	EXP 	SCProbe: texRes = 128
24.2858 	EXP 	PCProbe: texRes = 128.0
24.2858 	EXP 	SCProbe: texRes = 128
24.2935 	EXP 	PCProbe: texRes = 128.0
24.2935 	EXP 	SCProbe: texRes = 128
24.3013 	EXP 	PCProbe: texRes = 128.0
24.3013 	EXP 	SCProbe: texRes = 128
24.3092 	EXP 	PCProbe: texRes = 128.0
24.3092 	EXP 	SCProbe: texRes = 128
24.3168 	EXP 	PCProbe: texRes = 128.0
24.3168 	EXP 	SCProbe: texRes = 128
24.3245 	EXP 	PCProbe: texRes = 128.0
24.3245 	EXP 	SCProbe: texRes = 128
24.3322 	EXP 	PCProbe: texRes = 128.0
24.3322 	EXP 	SCProbe: texRes = 128
24.3400 	EXP 	PCProbe: texRes = 128.0
24.3400 	EXP 	SCProbe: texRes = 128
24.3474 	DATA 	Keypress: space
24.3484 	EXP 	PCProbe: texRes = 128.0
24.3484 	EXP 	SCProbe: texRes = 128
24.3566 	EXP 	PCProbe: texRes = 128.0
24.3566 	EXP 	SCProbe: texRes = 128
24.3638 	EXP 	New trial (rep=0, index=9): OrderedDict([('ChPage', 'images/21.10.png')])
24.3860 	EXP 	PCProbe: texRes = 128.0
24.3860 	EXP 	SCProbe: texRes = 128
24.3860 	EXP 	imagePages: autoDraw = False
24.3860 	EXP 	PCProbe: autoDraw = False
24.3860 	EXP 	SCProbe: autoDraw = False
24.3860 	EXP 	imagePages: image = 'images/21.10.png'
24.3860 	EXP 	imagePages: autoDraw = True
24.3860 	EXP 	PCProbe: autoDraw = True
24.3860 	EXP 	PCProbe: texRes = 128.0
24.3860 	EXP 	SCProbe: autoDraw = True
24.3860 	EXP 	SCProbe: texRes = 128
24.3948 	EXP 	PCProbe: texRes = 128.0
24.3948 	EXP 	SCProbe: texRes = 128
24.4081 	EXP 	PCProbe: texRes = 128.0
24.4081 	EXP 	SCProbe: texRes = 128
24.4158 	EXP 	PCProbe: texRes = 128.0
24.4158 	EXP 	SCProbe: texRes = 128
24.4236 	EXP 	PCProbe: texRes = 128.0
24.4236 	EXP 	SCProbe: texRes = 128
24.4332 	EXP 	PCProbe: texRes = 128.0
24.4332 	EXP 	SCProbe: texRes = 128
24.4418 	EXP 	PCProbe: texRes = 128.0
24.4418 	EXP 	SCProbe: texRes = 128
24.4501 	EXP 	PCProbe: texRes = 128.0
24.4501 	EXP 	SCProbe: texRes = 128
24.4590 	EXP 	PCProbe: texRes = 128.0
24.4590 	EXP 	SCProbe: texRes = 128
24.4674 	EXP 	PCProbe: texRes = 128.0
24.4674 	EXP 	SCProbe: texRes = 128
24.4758 	EXP 	PCProbe: texRes = 128.0
24.4758 	EXP 	SCProbe: texRes = 128
24.4839 	EXP 	PCProbe: texRes = 128.0
24.4839 	EXP 	SCProbe: texRes = 128
24.4919 	EXP 	PCProbe: texRes = 128.0
24.4919 	EXP 	SCProbe: texRes = 128
24.4998 	EXP 	PCProbe: texRes = 128.0
24.4998 	EXP 	SCProbe: texRes = 128
24.5077 	EXP 	PCProbe: texRes = 128.0
24.5077 	EXP 	SCProbe: texRes = 128
24.5184 	EXP 	PCProbe: texRes = 128.0
24.5184 	EXP 	SCProbe: texRes = 128
24.5269 	EXP 	PCProbe: texRes = 128.0
24.5269 	EXP 	SCProbe: texRes = 128
24.5343 	DATA 	Keypress: space
24.5354 	EXP 	PCProbe: texRes = 128.0
24.5354 	EXP 	SCProbe: texRes = 128
24.5436 	EXP 	PCProbe: texRes = 128.0
24.5436 	EXP 	SCProbe: texRes = 128
24.5519 	EXP 	New trial (rep=0, index=10): OrderedDict([('ChPage', 'images/21.11.png')])
24.5758 	EXP 	PCProbe: texRes = 128.0
24.5758 	EXP 	SCProbe: texRes = 128
24.5758 	EXP 	imagePages: autoDraw = False
24.5758 	EXP 	PCProbe: autoDraw = False
24.5758 	EXP 	SCProbe: autoDraw = False
24.5758 	EXP 	imagePages: image = 'images/21.11.png'
24.5758 	EXP 	imagePages: autoDraw = True
24.5758 	EXP 	PCProbe: autoDraw = True
24.5758 	EXP 	PCProbe: texRes = 128.0
24.5758 	EXP 	SCProbe: autoDraw = True
24.5758 	EXP 	SCProbe: texRes = 128
24.5843 	EXP 	PCProbe: texRes = 128.0
24.5843 	EXP 	SCProbe: texRes = 128
24.5929 	EXP 	PCProbe: texRes = 128.0
24.5929 	EXP 	SCProbe: texRes = 128
24.6010 	EXP 	PCProbe: texRes = 128.0
24.6010 	EXP 	SCProbe: texRes = 128
24.6095 	EXP 	PCProbe: texRes = 128.0
24.6095 	EXP 	SCProbe: texRes = 128
24.6194 	EXP 	PCProbe: texRes = 128.0
24.6194 	EXP 	SCProbe: texRes = 128
24.6280 	EXP 	PCProbe: texRes = 128.0
24.6280 	EXP 	SCProbe: texRes = 128
24.6361 	EXP 	PCProbe: texRes = 128.0
24.6361 	EXP 	SCProbe: texRes = 128
24.6444 	EXP 	PCProbe: texRes = 128.0
24.6444 	EXP 	SCProbe: texRes = 128
24.6528 	EXP 	PCProbe: texRes = 128.0
24.6528 	EXP 	SCProbe: texRes = 128
24.6615 	EXP 	PCProbe: texRes = 128.0
24.6615 	EXP 	SCProbe: texRes = 128
24.6700 	EXP 	PCProbe: texRes = 128.0
24.6700 	EXP 	SCProbe: texRes = 128
24.6789 	EXP 	PCProbe: texRes = 128.0
24.6789 	EXP 	SCProbe: texRes = 128
24.6917 	EXP 	PCProbe: texRes = 128.0
24.6917 	EXP 	SCProbe: texRes = 128
24.6994 	EXP 	PCProbe: texRes = 128.0
24.6994 	EXP 	SCProbe: texRes = 128
24.7073 	EXP 	PCProbe: texRes = 128.0
24.7073 	EXP 	SCProbe: texRes = 128
24.7150 	EXP 	PCProbe: texRes = 128.0
24.7150 	EXP 	SCProbe: texRes = 128
24.7225 	DATA 	Keypress: space
24.7235 	EXP 	PCProbe: texRes = 128.0
24.7235 	EXP 	SCProbe: texRes = 128
24.7302 	EXP 	New trial (rep=0, index=11): OrderedDict([('ChPage', 'images/21.12.png')])
24.7526 	EXP 	PCProbe: texRes = 128.0
24.7526 	EXP 	SCProbe: texRes = 128
24.7526 	EXP 	imagePages: autoDraw = False
24.7526 	EXP 	PCProbe: autoDraw = False
24.7526 	EXP 	SCProbe: autoDraw = False
24.7526 	EXP 	imagePages: image = 'images/21.12.png'
24.7526 	EXP 	imagePages: autoDraw = True
24.7526 	EXP 	PCProbe: autoDraw = True
24.7526 	EXP 	PCProbe: texRes = 128.0
24.7526 	EXP 	SCProbe: autoDraw = True
24.7526 	EXP 	SCProbe: texRes = 128
24.7602 	EXP 	PCProbe: texRes = 128.0
24.7602 	EXP 	SCProbe: texRes = 128
24.7680 	EXP 	PCProbe: texRes = 128.0
24.7680 	EXP 	SCProbe: texRes = 128
24.7755 	EXP 	PCProbe: texRes = 128.0
24.7755 	EXP 	SCProbe: texRes = 128
24.7834 	EXP 	PCProbe: texRes = 128.0
24.7834 	EXP 	SCProbe: texRes = 128
24.7910 	EXP 	PCProbe: texRes = 128.0
24.7910 	EXP 	SCProbe: texRes = 128
24.7988 	EXP 	PCProbe: texRes = 128.0
24.7988 	EXP 	SCProbe: texRes = 128
24.8065 	EXP 	PCProbe: texRes = 128.0
24.8065 	EXP 	SCProbe: texRes = 128
24.8146 	EXP 	PCProbe: texRes = 128.0
24.8146 	EXP 	SCProbe: texRes = 128
24.8224 	EXP 	PCProbe: texRes = 128.0
24.8224 	EXP 	SCProbe: texRes = 128
24.8304 	EXP 	PCProbe: texRes = 128.0
24.8304 	EXP 	SCProbe: texRes = 128
24.8381 	EXP 	PCProbe: texRes = 128.0
24.8381 	EXP 	SCProbe: texRes = 128
24.8459 	EXP 	PCProbe: texRes = 128.0
24.8459 	EXP 	SCProbe: texRes = 128
24.8537 	EXP 	PCProbe: texRes = 128.0
24.8537 	EXP 	SCProbe: texRes = 128
24.8615 	EXP 	PCProbe: texRes = 128.0
24.8615 	EXP 	SCProbe: texRes = 128
24.8693 	EXP 	PCProbe: texRes = 128.0
24.8693 	EXP 	SCProbe: texRes = 128
24.8772 	EXP 	PCProbe: texRes = 128.0
24.8772 	EXP 	SCProbe: texRes = 128
24.8850 	EXP 	PCProbe: texRes = 128.0
24.8850 	EXP 	SCProbe: texRes = 128
24.8932 	EXP 	PCProbe: texRes = 128.0
24.8932 	EXP 	SCProbe: texRes = 128
24.9018 	EXP 	PCProbe: texRes = 128.0
24.9018 	EXP 	SCProbe: texRes = 128
24.9097 	DATA 	Keypress: space
24.9107 	EXP 	PCProbe: texRes = 128.0
24.9107 	EXP 	SCProbe: texRes = 128
24.9192 	EXP 	PCProbe: texRes = 128.0
24.9192 	EXP 	SCProbe: texRes = 128
24.9270 	EXP 	New trial (rep=0, index=12): OrderedDict([('ChPage', 'images/21.13.png')])
24.9534 	EXP 	PCProbe: texRes = 128.0
24.9534 	EXP 	SCProbe: texRes = 128
24.9534 	EXP 	imagePages: autoDraw = False
24.9534 	EXP 	PCProbe: autoDraw = False
24.9534 	EXP 	SCProbe: autoDraw = False
24.9534 	EXP 	imagePages: image = 'images/21.13.png'
24.9534 	EXP 	imagePages: autoDraw = True
24.9534 	EXP 	PCProbe: autoDraw = True
24.9534 	EXP 	PCProbe: texRes = 128.0
24.9534 	EXP 	SCProbe: autoDraw = True
24.9534 	EXP 	SCProbe: texRes = 128
24.9615 	EXP 	PCProbe: texRes = 128.0
24.9615 	EXP 	SCProbe: texRes = 128
24.9694 	EXP 	PCProbe: texRes = 128.0
24.9694 	EXP 	SCProbe: texRes = 128
24.9771 	EXP 	PCProbe: texRes = 128.0
24.9771 	EXP 	SCProbe: texRes = 128
24.9852 	EXP 	PCProbe: texRes = 128.0
24.9852 	EXP 	SCProbe: texRes = 128
24.9953 	EXP 	PCProbe: texRes = 128.0
24.9953 	EXP 	SCProbe: texRes = 128
25.0038 	EXP 	PCProbe: texRes = 128.0
25.0038 	EXP 	SCProbe: texRes = 128
25.0126 	EXP 	PCProbe: texRes = 128.0
25.0126 	EXP 	SCProbe: texRes = 128
25.0213 	EXP 	PCProbe: texRes = 128.0
25.0213 	EXP 	SCProbe: texRes = 128
25.0302 	EXP 	PCProbe: texRes = 128.0
25.0302 	EXP 	SCProbe: texRes = 128
25.0394 	EXP 	PCProbe: texRes = 128.0
25.0394 	EXP 	SCProbe: texRes = 128
25.0481 	EXP 	PCProbe: texRes = 128.0
25.0481 	EXP 	SCProbe: texRes = 128
25.0562 	EXP 	PCProbe: texRes = 128.0
25.0562 	EXP 	SCProbe: texRes = 128
25.0645 	EXP 	PCProbe: texRes = 128.0
25.0645 	EXP 	SCProbe: texRes = 128
25.0728 	EXP 	PCProbe: texRes = 128.0
25.0728 	EXP 	SCProbe: texRes = 128
25.0805 	DATA 	Keypress: space
25.0816 	EXP 	PCProbe: texRes = 128.0
25.0816 	EXP 	SCProbe: texRes = 128
25.0897 	EXP 	PCProbe: texRes = 128.0
25.0897 	EXP 	SCProbe: texRes = 128
25.0967 	EXP 	New trial (rep=0, index=13): OrderedDict([('ChPage', 'images/21.14.png')])
25.1174 	EXP 	PCProbe: texRes = 128.0
25.1174 	EXP 	SCProbe: texRes = 128
25.1174 	EXP 	imagePages: autoDraw = False
25.1174 	EXP 	PCProbe: autoDraw = False
25.1174 	EXP 	SCProbe: autoDraw = False
25.1174 	EXP 	imagePages: image = 'images/21.14.png'
25.1174 	EXP 	imagePages: autoDraw = True
25.1174 	EXP 	PCProbe: autoDraw = True
25.1174 	EXP 	PCProbe: texRes = 128.0
25.1174 	EXP 	SCProbe: autoDraw = True
25.1174 	EXP 	SCProbe: texRes = 128
25.1259 	EXP 	PCProbe: texRes = 128.0
25.1259 	EXP 	SCProbe: texRes = 128
25.1341 	EXP 	PCProbe: texRes = 128.0
25.1341 	EXP 	SCProbe: texRes = 128
25.1423 	EXP 	PCProbe: texRes = 128.0
25.1423 	EXP 	SCProbe: texRes = 128
25.1507 	EXP 	PCProbe: texRes = 128.0
25.1507 	EXP 	SCProbe: texRes = 128
25.1593 	EXP 	PCProbe: texRes = 128.0
25.1593 	EXP 	SCProbe: texRes = 128
25.1676 	EXP 	PCProbe: texRes = 128.0
25.1676 	EXP 	SCProbe: texRes = 128
25.1760 	EXP 	PCProbe: texRes = 128.0
25.1760 	EXP 	SCProbe: texRes = 128
25.1846 	EXP 	PCProbe: texRes = 128.0
25.1846 	EXP 	SCProbe: texRes = 128
25.1930 	EXP 	PCProbe: texRes = 128.0
25.1930 	EXP 	SCProbe: texRes = 128
25.2017 	EXP 	PCProbe: texRes = 128.0
25.2017 	EXP 	SCProbe: texRes = 128
25.2105 	EXP 	PCProbe: texRes = 128.0
25.2105 	EXP 	SCProbe: texRes = 128
25.2198 	EXP 	PCProbe: texRes = 128.0
25.2198 	EXP 	SCProbe: texRes = 128
25.2328 	EXP 	PCProbe: texRes = 128.0
25.2328 	EXP 	SCProbe: texRes = 128
25.2406 	EXP 	PCProbe: texRes = 128.0
25.2406 	EXP 	SCProbe: texRes = 128
25.2478 	DATA 	Keypress: space
25.2489 	EXP 	PCProbe: texRes = 128.0
25.2489 	EXP 	SCProbe: texRes = 128
25.2569 	EXP 	PCProbe: texRes = 128.0
25.2569 	EXP 	SCProbe: texRes = 128
25.2640 	EXP 	New trial (rep=0, index=14): OrderedDict([('ChPage', 'images/21.15.png')])
25.2849 	EXP 	PCProbe: texRes = 128.0
25.2849 	EXP 	SCProbe: texRes = 128
25.2849 	EXP 	imagePages: autoDraw = False
25.2849 	EXP 	PCProbe: autoDraw = False
25.2849 	EXP 	SCProbe: autoDraw = False
25.2849 	EXP 	imagePages: image = 'images/21.15.png'
25.2849 	EXP 	imagePages: autoDraw = True
25.2849 	EXP 	PCProbe: autoDraw = True
25.2849 	EXP 	PCProbe: texRes = 128.0
25.2849 	EXP 	SCProbe: autoDraw = True
25.2849 	EXP 	SCProbe: texRes = 128
25.2937 	EXP 	PCProbe: texRes = 128.0
25.2937 	EXP 	SCProbe: texRes = 128
25.3018 	EXP 	PCProbe: texRes = 128.0
25.3018 	EXP 	SCProbe: texRes = 128
25.3103 	EXP 	PCProbe: texRes = 128.0
25.3103 	EXP 	SCProbe: texRes = 128
25.3186 	EXP 	PCProbe: texRes = 128.0
25.3186 	EXP 	SCProbe: texRes = 128
25.3266 	EXP 	PCProbe: texRes = 128.0
25.3266 	EXP 	SCProbe: texRes = 128
25.3343 	EXP 	PCProbe: texRes = 128.0
25.3343 	EXP 	SCProbe: texRes = 128
25.3421 	EXP 	PCProbe: texRes = 128.0
25.3421 	EXP 	SCProbe: texRes = 128
25.3497 	EXP 	PCProbe: texRes = 128.0
25.3497 	EXP 	SCProbe: texRes = 128
25.3574 	EXP 	PCProbe: texRes = 128.0
25.3574 	EXP 	SCProbe: texRes = 128
25.3649 	EXP 	PCProbe: texRes = 128.0
25.3649 	EXP 	SCProbe: texRes = 128
25.3728 	EXP 	PCProbe: texRes = 128.0
25.3728 	EXP 	SCProbe: texRes = 128
25.3804 	EXP 	PCProbe: texRes = 128.0
25.3804 	EXP 	SCProbe: texRes = 128
25.3882 	EXP 	PCProbe: texRes = 128.0
25.3882 	EXP 	SCProbe: texRes = 128
25.3958 	EXP 	PCProbe: texRes = 128.0
25.3958 	EXP 	SCProbe: texRes = 128
25.4036 	EXP 	PCProbe: texRes = 128.0
25.4036 	EXP 	SCProbe: texRes = 128
25.4112 	EXP 	PCProbe: texRes = 128.0
25.4112 	EXP 	SCProbe: texRes = 128
25.4192 	EXP 	PCProbe: texRes = 128.0
25.4192 	EXP 	SCProbe: texRes = 128
25.4193 	DATA 	Keypress: space
25.4272 	EXP 	PCProbe: texRes = 128.0
25.4272 	EXP 	SCProbe: texRes = 128
25.4361 	EXP 	New trial (rep=0, index=15): OrderedDict([('ChPage', 'images/21.16.png')])
25.4578 	EXP 	PCProbe: texRes = 128.0
25.4578 	EXP 	SCProbe: texRes = 128
25.4578 	EXP 	imagePages: autoDraw = False
25.4578 	EXP 	PCProbe: autoDraw = False
25.4578 	EXP 	SCProbe: autoDraw = False
25.4578 	EXP 	imagePages: image = 'images/21.16.png'
25.4578 	EXP 	imagePages: autoDraw = True
25.4578 	EXP 	PCProbe: autoDraw = True
25.4578 	EXP 	PCProbe: texRes = 128.0
25.4578 	EXP 	SCProbe: autoDraw = True
25.4578 	EXP 	SCProbe: texRes = 128
25.4667 	EXP 	PCProbe: texRes = 128.0
25.4667 	EXP 	SCProbe: texRes = 128
25.4758 	EXP 	PCProbe: texRes = 128.0
25.4758 	EXP 	SCProbe: texRes = 128
25.4850 	EXP 	PCProbe: texRes = 128.0
25.4850 	EXP 	SCProbe: texRes = 128
25.4947 	EXP 	PCProbe: texRes = 128.0
25.4947 	EXP 	SCProbe: texRes = 128
25.5075 	EXP 	PCProbe: texRes = 128.0
25.5075 	EXP 	SCProbe: texRes = 128
25.5157 	EXP 	PCProbe: texRes = 128.0
25.5157 	EXP 	SCProbe: texRes = 128
25.5239 	EXP 	PCProbe: texRes = 128.0
25.5239 	EXP 	SCProbe: texRes = 128
25.5324 	EXP 	PCProbe: texRes = 128.0
25.5324 	EXP 	SCProbe: texRes = 128
25.5404 	EXP 	PCProbe: texRes = 128.0
25.5404 	EXP 	SCProbe: texRes = 128
25.5506 	EXP 	PCProbe: texRes = 128.0
25.5506 	EXP 	SCProbe: texRes = 128
25.5590 	EXP 	PCProbe: texRes = 128.0
25.5590 	EXP 	SCProbe: texRes = 128
25.5673 	EXP 	PCProbe: texRes = 128.0
25.5673 	EXP 	SCProbe: texRes = 128
25.5753 	EXP 	PCProbe: texRes = 128.0
25.5753 	EXP 	SCProbe: texRes = 128
25.5835 	EXP 	PCProbe: texRes = 128.0
25.5835 	EXP 	SCProbe: texRes = 128
25.5916 	EXP 	PCProbe: texRes = 128.0
25.5916 	EXP 	SCProbe: texRes = 128
25.5998 	EXP 	PCProbe: texRes = 128.0
25.5998 	EXP 	SCProbe: texRes = 128
25.6081 	EXP 	PCProbe: texRes = 128.0
25.6081 	EXP 	SCProbe: texRes = 128
25.6167 	EXP 	PCProbe: texRes = 128.0
25.6167 	EXP 	SCProbe: texRes = 128
25.6252 	EXP 	PCProbe: texRes = 128.0
25.6252 	EXP 	SCProbe: texRes = 128
25.6254 	DATA 	Keypress: space
25.6334 	EXP 	PCProbe: texRes = 128.0
25.6334 	EXP 	SCProbe: texRes = 128
25.6403 	EXP 	New trial (rep=0, index=16): OrderedDict([('ChPage', 'images/21.17.png')])
25.6610 	EXP 	PCProbe: texRes = 128.0
25.6610 	EXP 	SCProbe: texRes = 128
25.6610 	EXP 	imagePages: autoDraw = False
25.6610 	EXP 	PCProbe: autoDraw = False
25.6610 	EXP 	SCProbe: autoDraw = False
25.6610 	EXP 	imagePages: image = 'images/21.17.png'
25.6610 	EXP 	imagePages: autoDraw = True
25.6610 	EXP 	PCProbe: autoDraw = True
25.6610 	EXP 	PCProbe: texRes = 128.0
25.6610 	EXP 	SCProbe: autoDraw = True
25.6610 	EXP 	SCProbe: texRes = 128
25.6688 	EXP 	PCProbe: texRes = 128.0
25.6688 	EXP 	SCProbe: texRes = 128
25.6773 	EXP 	PCProbe: texRes = 128.0
25.6773 	EXP 	SCProbe: texRes = 128
25.6851 	EXP 	PCProbe: texRes = 128.0
25.6851 	EXP 	SCProbe: texRes = 128
25.6930 	EXP 	PCProbe: texRes = 128.0
25.6930 	EXP 	SCProbe: texRes = 128
25.7010 	EXP 	PCProbe: texRes = 128.0
25.7010 	EXP 	SCProbe: texRes = 128
25.7092 	EXP 	PCProbe: texRes = 128.0
25.7092 	EXP 	SCProbe: texRes = 128
25.7173 	EXP 	PCProbe: texRes = 128.0
25.7173 	EXP 	SCProbe: texRes = 128
25.7259 	EXP 	PCProbe: texRes = 128.0
25.7259 	EXP 	SCProbe: texRes = 128
25.7342 	EXP 	PCProbe: texRes = 128.0
25.7342 	EXP 	SCProbe: texRes = 128
25.7428 	EXP 	PCProbe: texRes = 128.0
25.7428 	EXP 	SCProbe: texRes = 128
25.7513 	EXP 	PCProbe: texRes = 128.0
25.7513 	EXP 	SCProbe: texRes = 128
25.7590 	EXP 	PCProbe: texRes = 128.0
25.7590 	EXP 	SCProbe: texRes = 128
25.7723 	EXP 	PCProbe: texRes = 128.0
25.7723 	EXP 	SCProbe: texRes = 128
25.7801 	EXP 	PCProbe: texRes = 128.0
25.7801 	EXP 	SCProbe: texRes = 128
25.7877 	EXP 	PCProbe: texRes = 128.0
25.7877 	EXP 	SCProbe: texRes = 128
25.7951 	EXP 	PCProbe: texRes = 128.0
25.7951 	EXP 	SCProbe: texRes = 128
25.8030 	EXP 	PCProbe: texRes = 128.0
25.8030 	EXP 	SCProbe: texRes = 128
25.8106 	EXP 	PCProbe: texRes = 128.0
25.8106 	EXP 	SCProbe: texRes = 128
25.8187 	EXP 	PCProbe: texRes = 128.0
25.8187 	EXP 	SCProbe: texRes = 128
25.8273 	DATA 	Keypress: space
25.8283 	EXP 	PCProbe: texRes = 128.0
25.8283 	EXP 	SCProbe: texRes = 128
25.8364 	EXP 	PCProbe: texRes = 128.0
25.8364 	EXP 	SCProbe: texRes = 128
25.8453 	EXP 	PCProbe: texRes = 128.0
25.8453 	EXP 	SCProbe: texRes = 128
25.8453 	EXP 	imagePages: autoDraw = False
25.8453 	EXP 	PCProbe: autoDraw = False
25.8453 	EXP 	SCProbe: autoDraw = False
25.8453 	EXP 	EndExpText: autoDraw = True
26.0132 	DATA 	Keypress: space
26.0193 	EXP 	EndExpText: autoDraw = False
26.2901 	EXP 	window1: mouseVisible = True
