2.4307 	WARNING 	We strongly recommend you activate the PTB sound engine in PsychoPy prefs as the preferred audio engine. Its timing is vastly superior. Your prefs are currently set to use ['sounddevice', 'PTB', 'pyo', 'pygame'] (in that order).
5.5066 	EXP 	Created window1 = Window(allowGUI=True, allowStencil=False, autoLog=True, backendConf=UNKNOWN, bitsMode=UNKNOWN, blendMode='avg', bpc=(8, 8, 8), color=array([0, 0, 0]), colorSpace='rgb', depthBits=8, fullscr=<method-wrapper '__getattribute__' of attributeSetter object at 0x00000123F18AAD00>, gamma=None, gammaErrorPolicy='raise', lms=UNKNOWN, monitor=<psychopy.monitors.calibTools.Monitor object at 0x00000123F31F0160>, multiSample=False, name='window1', numSamples=2, pos=(-1920, 0), screen=0, size=array([1920, 1080]), stencilBits=0, stereo=False, units='height', useFBO=True, useRetina=False, viewOri=0.0, viewPos=None, viewScale=None, waitBlanking=True, winType='pyglet')
5.5066 	EXP 	window1: mouseVisible = True
5.5067 	EXP 	window1: mouseVisible = False
5.5067 	EXP 	window1: Attempting to measure frame rate of screen (0) ...
5.5067 	EXP 	window1: recordFrameIntervals = False
5.6744 	EXP 	window1: recordFrameIntervals = True
5.8563 	EXP 	Screen (0) actual frame rate measured at 60.52Hz
5.8564 	EXP 	window1: recordFrameIntervals = False
8.3142 	EXP 	Created Welcome_text = TextStim(__class__=<class 'psychopy.visual.text.TextStim'>, alignHoriz=method-wrapper(...), alignText='center', alignVert=method-wrapper(...), anchorHoriz='center', anchorVert='center', antialias=True, autoDraw=False, autoLog=True, bold=False, color=array([1, 1, 1]), colorSpace='rgb', contrast=1.0, depth=0.0, flipHoriz=False, flipVert=False, font='Open Sans', fontFiles=[], height=0.05, italic=False, languageStyle='LTR', name='Welcome_text', opacity=1.0, ori=0.0, pos=array([0., 0.]), rgb=UNKNOWN, text=str(...), units='height', win=Window(...), wrapWidth=1)
8.3196 	EXP 	Created DemoQs = ImageStim(__class__=<class 'psychopy.visual.image.ImageStim'>, anchor=('center', 'center'), autoLog=True, color=array([1, 1, 1]), colorSpace='rgb', contrast=1.0, depth=0.0, flipHoriz=False, flipVert=False, image='sin', interpolate=True, mask=None, maskParams=None, name='DemoQs', opacity=1.0, ori=0.0, pos=array([0., 0.]), size=array([1. , 0.7]), texRes=128.0, units='height', win=Window(...))
8.3217 	EXP 	Created textInterval = TextStim(__class__=<class 'psychopy.visual.text.TextStim'>, alignHoriz=method-wrapper(...), alignText='center', alignVert=method-wrapper(...), anchorHoriz='center', anchorVert='center', antialias=True, autoDraw=False, autoLog=True, bold=False, color=array([1, 1, 1]), colorSpace='rgb', contrast=1.0, depth=0.0, flipHoriz=False, flipVert=False, font='Open Sans', fontFiles=[], height=0.1, italic=False, languageStyle='LTR', name='textInterval', opacity=1.0, ori=0.0, pos=array([0., 0.]), rgb=UNKNOWN, text='', units='height', win=Window(...), wrapWidth=1)
8.3346 	EXP 	Created text_4 = TextStim(__class__=<class 'psychopy.visual.text.TextStim'>, alignHoriz=method-wrapper(...), alignText='center', alignVert=method-wrapper(...), anchorHoriz='center', anchorVert='center', antialias=True, autoDraw=False, autoLog=True, bold=False, color=array([1, 1, 1]), colorSpace='rgb', contrast=1.0, depth=-1.0, flipHoriz=False, flipVert=False, font='Open Sans', fontFiles=[], height=0.05, italic=False, languageStyle='LTR', name='text_4', opacity=1.0, ori=0.0, pos=array([0. , 0.2]), rgb=UNKNOWN, text=str(...), units='height', win=Window(...), wrapWidth=1)
8.3397 	EXP 	Created text_3 = TextStim(__class__=<class 'psychopy.visual.text.TextStim'>, alignHoriz=method-wrapper(...), alignText='center', alignVert=method-wrapper(...), anchorHoriz='center', anchorVert='center', antialias=True, autoDraw=False, autoLog=True, bold=False, color=array([1, 1, 1]), colorSpace='rgb', contrast=1.0, depth=0.0, flipHoriz=False, flipVert=False, font='Open Sans', fontFiles=[], height=0.05, italic=False, languageStyle='LTR', name='text_3', opacity=1.0, ori=0.0, pos=array([0., 0.]), rgb=UNKNOWN, text=str(...), units='height', win=Window(...), wrapWidth=1)
8.3432 	EXP 	Created AQ_10 = ImageStim(__class__=<class 'psychopy.visual.image.ImageStim'>, anchor=('center', 'center'), autoLog=True, color=array([1, 1, 1]), colorSpace='rgb', contrast=1.0, depth=0.0, flipHoriz=False, flipVert=False, image='sin', interpolate=True, mask=None, maskParams=None, name='AQ_10', opacity=1.0, ori=0.0, pos=array([0., 0.]), size=array([1. , 0.7]), texRes=128.0, units='height', win=Window(...))
8.3442 	EXP 	Created text_2 = TextStim(__class__=<class 'psychopy.visual.text.TextStim'>, alignHoriz=method-wrapper(...), alignText='center', alignVert=method-wrapper(...), anchorHoriz='center', anchorVert='center', antialias=True, autoDraw=False, autoLog=True, bold=False, color=array([1, 1, 1]), colorSpace='rgb', contrast=1.0, depth=0.0, flipHoriz=False, flipVert=False, font='Open Sans', fontFiles=[], height=0.1, italic=False, languageStyle='LTR', name='text_2', opacity=1.0, ori=0.0, pos=array([0., 0.]), rgb=UNKNOWN, text='', units='height', win=Window(...), wrapWidth=1)
8.3448 	EXP 	Created adhdQ = TextStim(__class__=<class 'psychopy.visual.text.TextStim'>, alignHoriz=method-wrapper(...), alignText='center', alignVert=method-wrapper(...), anchorHoriz='center', anchorVert='center', antialias=True, autoDraw=False, autoLog=True, bold=False, color=array([1, 1, 1]), colorSpace='rgb', contrast=1.0, depth=0.0, flipHoriz=False, flipVert=False, font='Open Sans', fontFiles=[], height=0.05, italic=False, languageStyle='LTR', name='adhdQ', opacity=1.0, ori=0.0, pos=array([0., 0.]), rgb=UNKNOWN, text='', units='height', win=Window(...), wrapWidth=1)
8.3454 	EXP 	Created Qanswer = TextStim(__class__=<class 'psychopy.visual.text.TextStim'>, alignHoriz=method-wrapper(...), alignText='center', alignVert=method-wrapper(...), anchorHoriz='center', anchorVert='center', antialias=True, autoDraw=False, autoLog=True, bold=False, color=array([1, 1, 1]), colorSpace='rgb', contrast=1.0, depth=-1.0, flipHoriz=False, flipVert=False, font='Open Sans', fontFiles=[], height=0.05, italic=False, languageStyle='LTR', name='Qanswer', opacity=1.0, ori=0.0, pos=array([ 0. , -0.3]), rgb=UNKNOWN, text='', units='height', win=Window(...), wrapWidth=1)
8.3463 	EXP 	Created text_2 = TextStim(__class__=<class 'psychopy.visual.text.TextStim'>, alignHoriz=method-wrapper(...), alignText='center', alignVert=method-wrapper(...), anchorHoriz='center', anchorVert='center', antialias=True, autoDraw=False, autoLog=True, bold=False, color=array([1, 1, 1]), colorSpace='rgb', contrast=1.0, depth=0.0, flipHoriz=False, flipVert=False, font='Open Sans', fontFiles=[], height=0.1, italic=False, languageStyle='LTR', name='text_2', opacity=1.0, ori=0.0, pos=array([0., 0.]), rgb=UNKNOWN, text='', units='height', win=Window(...), wrapWidth=1)
8.3469 	EXP 	Created AlwaysQText = TextStim(__class__=<class 'psychopy.visual.text.TextStim'>, alignHoriz=method-wrapper(...), alignText='center', alignVert=method-wrapper(...), anchorHoriz='center', anchorVert='center', antialias=True, autoDraw=False, autoLog=True, bold=False, color=array([1, 1, 1]), colorSpace='rgb', contrast=1.0, depth=-1.0, flipHoriz=False, flipVert=False, font='Open Sans', fontFiles=[], height=0.05, italic=False, languageStyle='LTR', name='AlwaysQText', opacity=1.0, ori=0.0, pos=array([0., 0.]), rgb=UNKNOWN, text='', units='height', win=Window(...), wrapWidth=1)
8.3554 	EXP 	Created AlwaysAnswer = TextStim(__class__=<class 'psychopy.visual.text.TextStim'>, alignHoriz=method-wrapper(...), alignText='center', alignVert=method-wrapper(...), anchorHoriz='center', anchorVert='center', antialias=True, autoDraw=False, autoLog=True, bold=False, color=array([1, 1, 1]), colorSpace='rgb', contrast=1.0, depth=-2.0, flipHoriz=False, flipVert=False, font='Open Sans', fontFiles=[], height=0.05, italic=False, languageStyle='LTR', name='AlwaysAnswer', opacity=1.0, ori=0.0, pos=array([ 0. , -0.3]), rgb=UNKNOWN, text='1. Yes\n2. No', units='height', win=Window(...), wrapWidth=1)
8.3565 	EXP 	Created text_2 = TextStim(__class__=<class 'psychopy.visual.text.TextStim'>, alignHoriz=method-wrapper(...), alignText='center', alignVert=method-wrapper(...), anchorHoriz='center', anchorVert='center', antialias=True, autoDraw=False, autoLog=True, bold=False, color=array([1, 1, 1]), colorSpace='rgb', contrast=1.0, depth=0.0, flipHoriz=False, flipVert=False, font='Open Sans', fontFiles=[], height=0.1, italic=False, languageStyle='LTR', name='text_2', opacity=1.0, ori=0.0, pos=array([0., 0.]), rgb=UNKNOWN, text='', units='height', win=Window(...), wrapWidth=1)
8.3675 	EXP 	Created adhdDxQ = TextStim(__class__=<class 'psychopy.visual.text.TextStim'>, alignHoriz=method-wrapper(...), alignText='center', alignVert=method-wrapper(...), anchorHoriz='center', anchorVert='center', antialias=True, autoDraw=False, autoLog=True, bold=False, color=array([1, 1, 1]), colorSpace='rgb', contrast=1.0, depth=0.0, flipHoriz=False, flipVert=False, font='Open Sans', fontFiles=[], height=0.05, italic=False, languageStyle='LTR', name='adhdDxQ', opacity=1.0, ori=0.0, pos=array([0., 0.]), rgb=UNKNOWN, text=str(...), units='height', win=Window(...), wrapWidth=1)
8.3785 	EXP 	Created Dx_answer = TextStim(__class__=<class 'psychopy.visual.text.TextStim'>, alignHoriz=method-wrapper(...), alignText='center', alignVert=method-wrapper(...), anchorHoriz='center', anchorVert='center', antialias=True, autoDraw=False, autoLog=True, bold=False, color=array([1, 1, 1]), colorSpace='rgb', contrast=1.0, depth=-1.0, flipHoriz=False, flipVert=False, font='Open Sans', fontFiles=[], height=0.04, italic=False, languageStyle='LTR', name='Dx_answer', opacity=1.0, ori=0.0, pos=array([ 0. , -0.3]), rgb=UNKNOWN, text=str(...), units='height', win=Window(...), wrapWidth=1)
8.3795 	EXP 	Created textInterval = TextStim(__class__=<class 'psychopy.visual.text.TextStim'>, alignHoriz=method-wrapper(...), alignText='center', alignVert=method-wrapper(...), anchorHoriz='center', anchorVert='center', antialias=True, autoDraw=False, autoLog=True, bold=False, color=array([1, 1, 1]), colorSpace='rgb', contrast=1.0, depth=0.0, flipHoriz=False, flipVert=False, font='Open Sans', fontFiles=[], height=0.1, italic=False, languageStyle='LTR', name='textInterval', opacity=1.0, ori=0.0, pos=array([0., 0.]), rgb=UNKNOWN, text='', units='height', win=Window(...), wrapWidth=1)
8.3826 	EXP 	Created MWdefInstr = ImageStim(__class__=<class 'psychopy.visual.image.ImageStim'>, anchor=('center', 'center'), autoLog=True, color=array([1, 1, 1]), colorSpace='rgb', contrast=1.0, depth=0.0, flipHoriz=False, flipVert=False, image='sin', interpolate=True, mask=None, maskParams=None, name='MWdefInstr', opacity=1.0, ori=0.0, pos=array([0., 0.]), size=array([1. , 0.8]), texRes=128.0, units='height', win=Window(...))
8.4042 	EXP 	Created text = TextStim(__class__=<class 'psychopy.visual.text.TextStim'>, alignHoriz=method-wrapper(...), alignText='center', alignVert=method-wrapper(...), anchorHoriz='center', anchorVert='center', antialias=True, autoDraw=False, autoLog=True, bold=False, color=array([1, 1, 1]), colorSpace='rgb', contrast=1.0, depth=0.0, flipHoriz=False, flipVert=False, font='Open Sans', fontFiles=[], height=0.05, italic=False, languageStyle='LTR', name='text', opacity=1.0, ori=0.0, pos=array([0., 0.]), rgb=UNKNOWN, text=str(...), units='height', win=Window(...), wrapWidth=1)
8.4099 	EXP 	Created NoSkipping = TextStim(__class__=<class 'psychopy.visual.text.TextStim'>, alignHoriz=method-wrapper(...), alignText='center', alignVert=method-wrapper(...), anchorHoriz='center', anchorVert='center', antialias=True, autoDraw=False, autoLog=True, bold=False, color=array([1, 1, 1]), colorSpace='rgb', contrast=1.0, depth=0.0, flipHoriz=False, flipVert=False, font='Open Sans', fontFiles=[], height=0.05, italic=False, languageStyle='LTR', name='NoSkipping', opacity=1.0, ori=0.0, pos=array([0., 0.]), rgb=UNKNOWN, text=str(...), units='height', win=Window(...), wrapWidth=1)
8.4134 	EXP 	Created imagePages = ImageStim(__class__=<class 'psychopy.visual.image.ImageStim'>, anchor=('center', 'center'), autoLog=True, color=array([1, 1, 1]), colorSpace='rgb', contrast=1.0, depth=-2.0, flipHoriz=False, flipVert=False, image='sin', interpolate=True, mask=None, maskParams=None, name='imagePages', opacity=1.0, ori=0.0, pos=array([0., 0.]), size=array([0.85, 0.85]), texRes=128.0, units='height', win=Window(...))
8.4502 	EXP 	Created PCProbe = ImageStim(__class__=<class 'psychopy.visual.image.ImageStim'>, anchor=('center', 'center'), autoLog=True, color=array([1, 1, 1]), colorSpace='rgb', contrast=1.0, depth=-3.0, flipHoriz=False, flipVert=False, image='images/PC_v2.png', interpolate=True, mask=None, maskParams=None, name='PCProbe', opacity=1.0, ori=0.0, pos=array([0., 0.]), size=array([1.  , 0.85]), texRes=128.0, units='height', win=Window(...))
8.4888 	EXP 	Created SCProbe = ImageStim(__class__=<class 'psychopy.visual.image.ImageStim'>, anchor=('center', 'center'), autoLog=True, color=array([1, 1, 1]), colorSpace='rgb', contrast=1.0, depth=-4.0, flipHoriz=False, flipVert=False, image='images/SC_v2.png', interpolate=True, mask=None, maskParams=None, name='SCProbe', opacity=1.0, ori=0.0, pos=array([0., 0.]), size=array([1.  , 0.85]), texRes=128, units='height', win=Window(...))
8.4906 	EXP 	Created textInterval = TextStim(__class__=<class 'psychopy.visual.text.TextStim'>, alignHoriz=method-wrapper(...), alignText='center', alignVert=method-wrapper(...), anchorHoriz='center', anchorVert='center', antialias=True, autoDraw=False, autoLog=True, bold=False, color=array([1, 1, 1]), colorSpace='rgb', contrast=1.0, depth=0.0, flipHoriz=False, flipVert=False, font='Open Sans', fontFiles=[], height=0.1, italic=False, languageStyle='LTR', name='textInterval', opacity=1.0, ori=0.0, pos=array([0., 0.]), rgb=UNKNOWN, text='', units='height', win=Window(...), wrapWidth=1)
8.4956 	EXP 	Created QuizQuestion = ImageStim(__class__=<class 'psychopy.visual.image.ImageStim'>, anchor=('center', 'center'), autoLog=True, color=array([1, 1, 1]), colorSpace='rgb', contrast=1.0, depth=0.0, flipHoriz=False, flipVert=False, image='sin', interpolate=True, mask=None, maskParams=None, name='QuizQuestion', opacity=1.0, ori=0.0, pos=array([0., 0.]), size=array([0.8, 0.8]), texRes=128, units='height', win=Window(...))
8.4968 	EXP 	Created textInterval = TextStim(__class__=<class 'psychopy.visual.text.TextStim'>, alignHoriz=method-wrapper(...), alignText='center', alignVert=method-wrapper(...), anchorHoriz='center', anchorVert='center', antialias=True, autoDraw=False, autoLog=True, bold=False, color=array([1, 1, 1]), colorSpace='rgb', contrast=1.0, depth=0.0, flipHoriz=False, flipVert=False, font='Open Sans', fontFiles=[], height=0.1, italic=False, languageStyle='LTR', name='textInterval', opacity=1.0, ori=0.0, pos=array([0., 0.]), rgb=UNKNOWN, text='', units='height', win=Window(...), wrapWidth=1)
8.5890 	EXP 	Created interestingImage = ImageStim(__class__=<class 'psychopy.visual.image.ImageStim'>, anchor=('center', 'center'), autoLog=True, color=array([1, 1, 1]), colorSpace='rgb', contrast=1.0, depth=0.0, flipHoriz=False, flipVert=False, image='QuizQs/Likert_interest.PNG', interpolate=True, mask=None, maskParams=None, name='interestingImage', opacity=1.0, ori=0.0, pos=array([0., 0.]), size=array([1. , 0.8]), texRes=128.0, units='height', win=Window(...))
8.6807 	EXP 	Created difficultyImage = ImageStim(__class__=<class 'psychopy.visual.image.ImageStim'>, anchor=('center', 'center'), autoLog=True, color=array([1, 1, 1]), colorSpace='rgb', contrast=1.0, depth=0.0, flipHoriz=False, flipVert=False, image='QuizQs/Likert_difficulty.PNG', interpolate=True, mask=None, maskParams=None, name='difficultyImage', opacity=1.0, ori=0.0, pos=array([0., 0.]), size=array([1. , 0.8]), texRes=128.0, units='height', win=Window(...))
8.7650 	EXP 	Created MW_mot = ImageStim(__class__=<class 'psychopy.visual.image.ImageStim'>, anchor=('center', 'center'), autoLog=True, color=array([1, 1, 1]), colorSpace='rgb', contrast=1.0, depth=0.0, flipHoriz=False, flipVert=False, image='QuizQs/Likert_motivation.png', interpolate=True, mask=None, maskParams=None, name='MW_mot', opacity=1.0, ori=0.0, pos=array([0., 0.]), size=array([1. , 0.8]), texRes=128.0, units='height', win=Window(...))
8.8411 	EXP 	Created MWunint = ImageStim(__class__=<class 'psychopy.visual.image.ImageStim'>, anchor=('center', 'center'), autoLog=True, color=array([1, 1, 1]), colorSpace='rgb', contrast=1.0, depth=0.0, flipHoriz=False, flipVert=False, image='QuizQs/Likert_unintMW.png', interpolate=True, mask=None, maskParams=None, name='MWunint', opacity=1.0, ori=0.0, pos=array([0., 0.]), size=array([1. , 0.8]), texRes=128.0, units='height', win=Window(...))
8.9194 	EXP 	Created MWcaptureImage = ImageStim(__class__=<class 'psychopy.visual.image.ImageStim'>, anchor=('center', 'center'), autoLog=True, color=array([1, 1, 1]), colorSpace='rgb', contrast=1.0, depth=0.0, flipHoriz=False, flipVert=False, image='QuizQs/Likert_intMW.png', interpolate=True, mask=None, maskParams=None, name='MWcaptureImage', opacity=1.0, ori=0.0, pos=array([0., 0.]), size=array([1. , 0.8]), texRes=128.0, units='height', win=Window(...))
8.9207 	EXP 	Created textInterval = TextStim(__class__=<class 'psychopy.visual.text.TextStim'>, alignHoriz=method-wrapper(...), alignText='center', alignVert=method-wrapper(...), anchorHoriz='center', anchorVert='center', antialias=True, autoDraw=False, autoLog=True, bold=False, color=array([1, 1, 1]), colorSpace='rgb', contrast=1.0, depth=0.0, flipHoriz=False, flipVert=False, font='Open Sans', fontFiles=[], height=0.1, italic=False, languageStyle='LTR', name='textInterval', opacity=1.0, ori=0.0, pos=array([0., 0.]), rgb=UNKNOWN, text='', units='height', win=Window(...), wrapWidth=1)
8.9371 	EXP 	Created HalfwayText = TextStim(__class__=<class 'psychopy.visual.text.TextStim'>, alignHoriz=method-wrapper(...), alignText='center', alignVert=method-wrapper(...), anchorHoriz='center', anchorVert='center', antialias=True, autoDraw=False, autoLog=True, bold=False, color=array([1, 1, 1]), colorSpace='rgb', contrast=1.0, depth=0.0, flipHoriz=False, flipVert=False, font='Open Sans', fontFiles=[], height=0.05, italic=False, languageStyle='LTR', name='HalfwayText', opacity=1.0, ori=0.0, pos=array([0., 0.]), rgb=UNKNOWN, text=str(...), units='height', win=Window(...), wrapWidth=1)
8.9406 	EXP 	Created MWdef_image = ImageStim(__class__=<class 'psychopy.visual.image.ImageStim'>, anchor=('center', 'center'), autoLog=True, color=array([1, 1, 1]), colorSpace='rgb', contrast=1.0, depth=0.0, flipHoriz=False, flipVert=False, image='sin', interpolate=True, mask=None, maskParams=None, name='MWdef_image', opacity=1.0, ori=0.0, pos=array([0., 0.]), size=array([1. , 0.8]), texRes=128.0, units='height', win=Window(...))
8.9515 	EXP 	Created probe_message = TextStim(__class__=<class 'psychopy.visual.text.TextStim'>, alignHoriz=method-wrapper(...), alignText='center', alignVert=method-wrapper(...), anchorHoriz='center', anchorVert='center', antialias=True, autoDraw=False, autoLog=True, bold=False, color=array([1, 1, 1]), colorSpace='rgb', contrast=1.0, depth=0.0, flipHoriz=False, flipVert=False, font='Open Sans', fontFiles=[], height=0.05, italic=False, languageStyle='LTR', name='probe_message', opacity=1.0, ori=0.0, pos=array([0., 0.]), rgb=UNKNOWN, text=str(...), units='height', win=Window(...), wrapWidth=1)
8.9554 	EXP 	Created imagePages2 = ImageStim(__class__=<class 'psychopy.visual.image.ImageStim'>, anchor=('center', 'center'), autoLog=True, color=array([1, 1, 1]), colorSpace='rgb', contrast=1.0, depth=-1.0, flipHoriz=False, flipVert=False, image='sin', interpolate=True, mask=None, maskParams=None, name='imagePages2', opacity=1.0, ori=0.0, pos=array([0., 0.]), size=array([0.85, 0.85]), texRes=128.0, units='height', win=Window(...))
8.9911 	EXP 	Created PCProbe2 = ImageStim(__class__=<class 'psychopy.visual.image.ImageStim'>, anchor=('center', 'center'), autoLog=True, color=array([1, 1, 1]), colorSpace='rgb', contrast=1.0, depth=-2.0, flipHoriz=False, flipVert=False, image='images/PC_v2.png', interpolate=True, mask=None, maskParams=None, name='PCProbe2', opacity=1.0, ori=0.0, pos=array([0., 0.]), size=array([1.  , 0.85]), texRes=128.0, units='height', win=Window(...))
9.0222 	EXP 	Created SCProbe2 = ImageStim(__class__=<class 'psychopy.visual.image.ImageStim'>, anchor=('center', 'center'), autoLog=True, color=array([1, 1, 1]), colorSpace='rgb', contrast=1.0, depth=-3.0, flipHoriz=False, flipVert=False, image='images/SC_v2.png', interpolate=True, mask=None, maskParams=None, name='SCProbe2', opacity=1.0, ori=0.0, pos=array([0., 0.]), size=array([1.  , 0.85]), texRes=128.0, units='height', win=Window(...))
9.0233 	EXP 	Created textInterval = TextStim(__class__=<class 'psychopy.visual.text.TextStim'>, alignHoriz=method-wrapper(...), alignText='center', alignVert=method-wrapper(...), anchorHoriz='center', anchorVert='center', antialias=True, autoDraw=False, autoLog=True, bold=False, color=array([1, 1, 1]), colorSpace='rgb', contrast=1.0, depth=0.0, flipHoriz=False, flipVert=False, font='Open Sans', fontFiles=[], height=0.1, italic=False, languageStyle='LTR', name='textInterval', opacity=1.0, ori=0.0, pos=array([0., 0.]), rgb=UNKNOWN, text='', units='height', win=Window(...), wrapWidth=1)
9.0278 	EXP 	Created QuizQuestion2 = ImageStim(__class__=<class 'psychopy.visual.image.ImageStim'>, anchor=('center', 'center'), autoLog=True, color=array([1, 1, 1]), colorSpace='rgb', contrast=1.0, depth=0.0, flipHoriz=False, flipVert=False, image='sin', interpolate=True, mask=None, maskParams=None, name='QuizQuestion2', opacity=1.0, ori=0.0, pos=array([0., 0.]), size=array([0.8, 0.8]), texRes=128.0, units='height', win=Window(...))
9.0288 	EXP 	Created textInterval = TextStim(__class__=<class 'psychopy.visual.text.TextStim'>, alignHoriz=method-wrapper(...), alignText='center', alignVert=method-wrapper(...), anchorHoriz='center', anchorVert='center', antialias=True, autoDraw=False, autoLog=True, bold=False, color=array([1, 1, 1]), colorSpace='rgb', contrast=1.0, depth=0.0, flipHoriz=False, flipVert=False, font='Open Sans', fontFiles=[], height=0.1, italic=False, languageStyle='LTR', name='textInterval', opacity=1.0, ori=0.0, pos=array([0., 0.]), rgb=UNKNOWN, text='', units='height', win=Window(...), wrapWidth=1)
9.1235 	EXP 	Created interestingImage = ImageStim(__class__=<class 'psychopy.visual.image.ImageStim'>, anchor=('center', 'center'), autoLog=True, color=array([1, 1, 1]), colorSpace='rgb', contrast=1.0, depth=0.0, flipHoriz=False, flipVert=False, image='QuizQs/Likert_interest.PNG', interpolate=True, mask=None, maskParams=None, name='interestingImage', opacity=1.0, ori=0.0, pos=array([0., 0.]), size=array([1. , 0.8]), texRes=128.0, units='height', win=Window(...))
9.2193 	EXP 	Created difficultyImage = ImageStim(__class__=<class 'psychopy.visual.image.ImageStim'>, anchor=('center', 'center'), autoLog=True, color=array([1, 1, 1]), colorSpace='rgb', contrast=1.0, depth=0.0, flipHoriz=False, flipVert=False, image='QuizQs/Likert_difficulty.PNG', interpolate=True, mask=None, maskParams=None, name='difficultyImage', opacity=1.0, ori=0.0, pos=array([0., 0.]), size=array([1. , 0.8]), texRes=128.0, units='height', win=Window(...))
9.2941 	EXP 	Created MW_mot = ImageStim(__class__=<class 'psychopy.visual.image.ImageStim'>, anchor=('center', 'center'), autoLog=True, color=array([1, 1, 1]), colorSpace='rgb', contrast=1.0, depth=0.0, flipHoriz=False, flipVert=False, image='QuizQs/Likert_motivation.png', interpolate=True, mask=None, maskParams=None, name='MW_mot', opacity=1.0, ori=0.0, pos=array([0., 0.]), size=array([1. , 0.8]), texRes=128.0, units='height', win=Window(...))
9.3686 	EXP 	Created MWunint = ImageStim(__class__=<class 'psychopy.visual.image.ImageStim'>, anchor=('center', 'center'), autoLog=True, color=array([1, 1, 1]), colorSpace='rgb', contrast=1.0, depth=0.0, flipHoriz=False, flipVert=False, image='QuizQs/Likert_unintMW.png', interpolate=True, mask=None, maskParams=None, name='MWunint', opacity=1.0, ori=0.0, pos=array([0., 0.]), size=array([1. , 0.8]), texRes=128.0, units='height', win=Window(...))
9.4475 	EXP 	Created MWcaptureImage = ImageStim(__class__=<class 'psychopy.visual.image.ImageStim'>, anchor=('center', 'center'), autoLog=True, color=array([1, 1, 1]), colorSpace='rgb', contrast=1.0, depth=0.0, flipHoriz=False, flipVert=False, image='QuizQs/Likert_intMW.png', interpolate=True, mask=None, maskParams=None, name='MWcaptureImage', opacity=1.0, ori=0.0, pos=array([0., 0.]), size=array([1. , 0.8]), texRes=128.0, units='height', win=Window(...))
9.4485 	EXP 	Created textInterval = TextStim(__class__=<class 'psychopy.visual.text.TextStim'>, alignHoriz=method-wrapper(...), alignText='center', alignVert=method-wrapper(...), anchorHoriz='center', anchorVert='center', antialias=True, autoDraw=False, autoLog=True, bold=False, color=array([1, 1, 1]), colorSpace='rgb', contrast=1.0, depth=0.0, flipHoriz=False, flipVert=False, font='Open Sans', fontFiles=[], height=0.1, italic=False, languageStyle='LTR', name='textInterval', opacity=1.0, ori=0.0, pos=array([0., 0.]), rgb=UNKNOWN, text='', units='height', win=Window(...), wrapWidth=1)
9.4582 	EXP 	Created EndExpText = TextStim(__class__=<class 'psychopy.visual.text.TextStim'>, alignHoriz=method-wrapper(...), alignText='center', alignVert=method-wrapper(...), anchorHoriz='center', anchorVert='center', antialias=True, autoDraw=False, autoLog=True, bold=False, color=array([1, 1, 1]), colorSpace='rgb', contrast=1.0, depth=0.0, flipHoriz=False, flipVert=False, font='Open Sans', fontFiles=[], height=0.05, italic=False, languageStyle='LTR', name='EndExpText', opacity=1.0, ori=0.0, pos=array([0., 0.]), rgb=UNKNOWN, text=str(...), units='height', win=Window(...), wrapWidth=1)
9.4631 	EXP 	Created calibrationTarget = ShapeStim(__class__=<class 'psychopy.visual.shape.ShapeStim'>, anchor=('center', 'center'), autoDraw=False, autoLog=True, closeShape=True, color=method-wrapper(...), colorSpace='hsv', contrast=None, depth=0, fillColor=array([0. , 0. , 0.5]), fillColorSpace='hsv', fillRGB=array([0, 0, 0]), interpolate=True, lineColor=array([0., 0., 0.]), lineColorSpace='hsv', lineRGB=array([-1, -1, -1]), lineWidth=2.0, name='calibrationTarget', opacity=1.0, ori=0.0, pos=array([0., 0.]), size=array([0., 0.]), units='height', vertices=ndarray(...), win=Window(...), windingRule=None)
9.4674 	EXP 	Created calibrationTargetInner = ShapeStim(__class__=<class 'psychopy.visual.shape.ShapeStim'>, anchor=('center', 'center'), autoDraw=False, autoLog=True, closeShape=True, color=method-wrapper(...), colorSpace='hsv', contrast=None, depth=0, fillColor=ndarray(...), fillColorSpace='hsv', fillRGB=array([-1.        ,  0.00392157, -1.        ]), interpolate=True, lineColor=array([0., 0., 0.]), lineColorSpace='hsv', lineRGB=array([-1, -1, -1]), lineWidth=2.0, name='calibrationTargetInner', opacity=1.0, ori=0.0, pos=array([0., 0.]), size=array([0., 0.]), units='height', vertices=ndarray(...), win=Window(...), windingRule=None)
24.5246 	EXP 	AgeQuestion_textbox: autoLog = True
24.5300 	EXP 	Welcome_text: autoDraw = True
27.6599 	EXP 	Imported chooseDemoQs.csv as conditions, 4 conditions, 1 params
27.6602 	EXP 	Created sequence: sequential, trialTypes=4, nReps=1, seed=None
27.6604 	EXP 	New trial (rep=0, index=0): OrderedDict([('chDemoQs', 'Demographics/Demographics_1.png')])
27.7048 	DATA 	Keypress: space
27.7136 	EXP 	Welcome_text: autoDraw = False
27.7136 	EXP 	DemoQs: image = 'Demographics/Demographics_1.png'
27.7136 	EXP 	DemoQs: autoDraw = True
30.1254 	EXP 	New trial (rep=0, index=1): OrderedDict([('chDemoQs', 'Demographics/Demographics_2.png')])
30.1385 	DATA 	Keypress: 2
30.1468 	EXP 	DemoQs: autoDraw = False
30.1468 	EXP 	DemoQs: image = 'Demographics/Demographics_2.png'
30.1468 	EXP 	DemoQs: autoDraw = True
31.0907 	EXP 	New trial (rep=0, index=2): OrderedDict([('chDemoQs', 'Demographics/Demographics_3.png')])
31.1029 	DATA 	Keypress: 2
31.1087 	EXP 	DemoQs: autoDraw = False
31.1087 	EXP 	DemoQs: image = 'Demographics/Demographics_3.png'
31.1087 	EXP 	DemoQs: autoDraw = True
50.6240 	EXP 	New trial (rep=0, index=3): OrderedDict([('chDemoQs', 'Demographics/Demographics_4.png')])
50.6440 	EXP 	DemoQs: autoDraw = False
50.6440 	EXP 	DemoQs: image = 'Demographics/Demographics_4.png'
50.6440 	EXP 	DemoQs: autoDraw = True
51.7730 	EXP 	DemoQs: autoDraw = False
51.7730 	EXP 	textInterval: autoDraw = True
52.7741 	EXP 	textInterval: autoDraw = False
52.7741 	EXP 	textInterval: autoDraw = False
52.7741 	EXP 	AgeQuestion_textbox: autoDraw = True
52.7741 	EXP 	text_4: autoDraw = True
56.4394 	EXP 	AgeQuestion_textbox: autoDraw = False
56.4394 	EXP 	text_4: autoDraw = False
56.4394 	EXP 	text_3: autoDraw = True
57.9426 	EXP 	Imported chooseAQ10.csv as conditions, 10 conditions, 1 params
57.9429 	EXP 	Created sequence: sequential, trialTypes=10, nReps=1, seed=None
57.9431 	EXP 	New trial (rep=0, index=0): OrderedDict([('chAQ10', 'AQ_10_Qs/AQ1.png')])
57.9959 	EXP 	text_3: autoDraw = False
57.9959 	EXP 	AQ_10: image = 'AQ_10_Qs/AQ1.png'
57.9959 	EXP 	AQ_10: autoDraw = True
60.7731 	EXP 	AQ_10: autoDraw = False
60.7731 	EXP 	text_2: autoDraw = True
61.2571 	EXP 	New trial (rep=0, index=1): OrderedDict([('chAQ10', 'AQ_10_Qs/AQ2.png')])
61.2767 	EXP 	text_2: autoDraw = False
61.2767 	EXP 	text_2: autoDraw = False
61.2767 	EXP 	AQ_10: image = 'AQ_10_Qs/AQ2.png'
61.2767 	EXP 	AQ_10: autoDraw = True
61.8564 	EXP 	AQ_10: autoDraw = False
61.8564 	EXP 	text_2: autoDraw = True
62.3411 	EXP 	New trial (rep=0, index=2): OrderedDict([('chAQ10', 'AQ_10_Qs/AQ3.png')])
62.3588 	EXP 	text_2: autoDraw = False
62.3588 	EXP 	text_2: autoDraw = False
62.3588 	EXP 	AQ_10: image = 'AQ_10_Qs/AQ3.png'
62.3588 	EXP 	AQ_10: autoDraw = True
63.2066 	EXP 	AQ_10: autoDraw = False
63.2066 	EXP 	text_2: autoDraw = True
63.6924 	EXP 	New trial (rep=0, index=3): OrderedDict([('chAQ10', 'AQ_10_Qs/AQ4.png')])
63.7151 	EXP 	text_2: autoDraw = False
63.7151 	EXP 	AQ_10: image = 'AQ_10_Qs/AQ4.png'
63.7151 	EXP 	AQ_10: autoDraw = True
64.2565 	EXP 	AQ_10: autoDraw = False
64.2565 	EXP 	text_2: autoDraw = True
64.7407 	EXP 	New trial (rep=0, index=4): OrderedDict([('chAQ10', 'AQ_10_Qs/AQ5.png')])
64.7564 	EXP 	text_2: autoDraw = False
64.7564 	EXP 	text_2: autoDraw = False
64.7564 	EXP 	AQ_10: image = 'AQ_10_Qs/AQ5.png'
64.7564 	EXP 	AQ_10: autoDraw = True
66.2600 	EXP 	AQ_10: autoDraw = False
66.2600 	EXP 	text_2: autoDraw = True
66.7568 	EXP 	New trial (rep=0, index=5): OrderedDict([('chAQ10', 'AQ_10_Qs/AQ6.png')])
66.7731 	EXP 	text_2: autoDraw = False
66.7731 	EXP 	AQ_10: image = 'AQ_10_Qs/AQ6.png'
66.7731 	EXP 	AQ_10: autoDraw = True
67.6078 	EXP 	AQ_10: autoDraw = False
67.6078 	EXP 	text_2: autoDraw = True
68.0909 	EXP 	New trial (rep=0, index=6): OrderedDict([('chAQ10', 'AQ_10_Qs/AQ7.png')])
68.1136 	EXP 	text_2: autoDraw = False
68.1136 	EXP 	AQ_10: image = 'AQ_10_Qs/AQ7.png'
68.1136 	EXP 	AQ_10: autoDraw = True
69.1235 	EXP 	AQ_10: autoDraw = False
69.1235 	EXP 	text_2: autoDraw = True
69.6072 	EXP 	New trial (rep=0, index=7): OrderedDict([('chAQ10', 'AQ_10_Qs/AQ8.png')])
69.6254 	EXP 	text_2: autoDraw = False
69.6254 	EXP 	text_2: autoDraw = False
69.6254 	EXP 	AQ_10: image = 'AQ_10_Qs/AQ8.png'
69.6254 	EXP 	AQ_10: autoDraw = True
70.4589 	EXP 	AQ_10: autoDraw = False
70.4589 	EXP 	text_2: autoDraw = True
70.9581 	EXP 	New trial (rep=0, index=8): OrderedDict([('chAQ10', 'AQ_10_Qs/AQ9.png')])
70.9771 	EXP 	text_2: autoDraw = False
70.9771 	EXP 	AQ_10: image = 'AQ_10_Qs/AQ9.png'
70.9771 	EXP 	AQ_10: autoDraw = True
71.9066 	EXP 	AQ_10: autoDraw = False
71.9066 	EXP 	text_2: autoDraw = True
72.3908 	EXP 	New trial (rep=0, index=9): OrderedDict([('chAQ10', 'AQ_10_Qs/AQ10.png')])
72.4081 	EXP 	text_2: autoDraw = False
72.4081 	EXP 	text_2: autoDraw = False
72.4081 	EXP 	AQ_10: image = 'AQ_10_Qs/AQ10.png'
72.4081 	EXP 	AQ_10: autoDraw = True
73.6899 	EXP 	AQ_10: autoDraw = False
73.6899 	EXP 	text_2: autoDraw = True
74.1810 	EXP 	Imported adhd3Qs.xlsx as conditions, 3 conditions, 1 params
74.1813 	EXP 	Created sequence: sequential, trialTypes=3, nReps=1, seed=None
74.1815 	EXP 	New trial (rep=0, index=0): {'Q_stim': 'Do you often feel restless? (e.g., being nervous, having difficulty sitting still, fidgeting, doing a lot of exercise, or being active)'}
74.1968 	EXP 	text_2: autoDraw = False
74.1968 	EXP 	text_2: autoDraw = False
74.1968 	EXP 	adhdQ: height = 0.05
74.1968 	EXP 	adhdQ: height = 0.05
74.1968 	EXP 	adhdQ: height = 0.05
74.1968 	EXP 	adhdQ: text = 'Do you often feel restless? (e.g., being nervous, having difficulty sitting still, fidgeting, doing a lot of exercise, or being active)'
74.1968 	EXP 	Qanswer: height = 0.05
74.1968 	EXP 	Qanswer: height = 0.05
74.1968 	EXP 	Qanswer: height = 0.05
74.1968 	EXP 	Qanswer: text = '1. Yes\n2. No'
74.1968 	EXP 	adhdQ: autoDraw = True
74.1968 	EXP 	Qanswer: autoDraw = True
75.4565 	EXP 	adhdQ: autoDraw = False
75.4565 	EXP 	Qanswer: autoDraw = False
75.4565 	EXP 	text_2: autoDraw = True
75.9566 	EXP 	text_2: autoDraw = False
75.9566 	EXP 	text_2: autoDraw = False
75.9566 	EXP 	AlwaysQText: height = 0.05
75.9566 	EXP 	AlwaysQText: height = 0.05
75.9566 	EXP 	AlwaysQText: height = 0.05
75.9566 	EXP 	AlwaysQText: text = 'Have you always been like this? (as long as you can remember, or for most of your life)'
75.9566 	EXP 	AlwaysQText: autoDraw = True
75.9566 	EXP 	AlwaysAnswer: autoDraw = True
78.9732 	EXP 	AlwaysQText: autoDraw = False
78.9732 	EXP 	AlwaysAnswer: autoDraw = False
78.9732 	EXP 	text_2: autoDraw = True
79.4579 	EXP 	New trial (rep=0, index=1): {'Q_stim': 'Do you often act first and then think? (e.g., blurting things out, spending too much money, or being impatient)'}
79.4735 	EXP 	text_2: autoDraw = False
79.4735 	EXP 	adhdQ: height = 0.05
79.4735 	EXP 	adhdQ: height = 0.05
79.4735 	EXP 	adhdQ: height = 0.05
79.4735 	EXP 	adhdQ: text = 'Do you often act first and then think? (e.g., blurting things out, spending too much money, or being impatient)'
79.4735 	EXP 	Qanswer: text = '1. Yes\n2. No'
79.4735 	EXP 	adhdQ: autoDraw = True
79.4735 	EXP 	Qanswer: autoDraw = True
81.7732 	EXP 	adhdQ: autoDraw = False
81.7732 	EXP 	Qanswer: autoDraw = False
81.7732 	EXP 	text_2: autoDraw = True
82.2743 	EXP 	text_2: autoDraw = False
82.2743 	EXP 	text_2: autoDraw = False
82.2743 	EXP 	AlwaysQText: text = 'Have you always been like this? (as long as you can remember, or for most of your life)'
82.2743 	EXP 	AlwaysQText: autoDraw = False
82.2743 	EXP 	AlwaysAnswer: autoDraw = False
82.2743 	EXP 	text_2: autoDraw = True
82.7576 	EXP 	New trial (rep=0, index=2): {'Q_stim': 'Do you often have concentration problems? (e.g., being easily distracted, not finishing things, being easily bored, forgetful, or chaotic)'}
82.7732 	EXP 	text_2: autoDraw = False
82.7732 	EXP 	text_2: autoDraw = False
82.7732 	EXP 	adhdQ: height = 0.05
82.7732 	EXP 	adhdQ: height = 0.05
82.7732 	EXP 	adhdQ: height = 0.05
82.7732 	EXP 	adhdQ: text = 'Do you often have concentration problems? (e.g., being easily distracted, not finishing things, being easily bored, forgetful, or chaotic)'
82.7732 	EXP 	Qanswer: text = '1. Yes\n2. No'
82.7732 	EXP 	adhdQ: autoDraw = True
82.7732 	EXP 	Qanswer: autoDraw = True
83.4918 	EXP 	adhdQ: autoDraw = False
83.4918 	EXP 	Qanswer: autoDraw = False
83.4918 	EXP 	text_2: autoDraw = True
84.0079 	EXP 	text_2: autoDraw = False
84.0079 	EXP 	AlwaysQText: text = 'Have you always been like this? (as long as you can remember, or for most of your life)'
84.0079 	EXP 	AlwaysQText: autoDraw = False
84.0079 	EXP 	AlwaysAnswer: autoDraw = False
84.0079 	EXP 	text_2: autoDraw = True
84.5233 	EXP 	text_2: autoDraw = False
84.5233 	EXP 	adhdDxQ: autoDraw = True
84.5233 	EXP 	Dx_answer: autoDraw = True
85.4566 	EXP 	adhdDxQ: autoDraw = False
85.4566 	EXP 	Dx_answer: autoDraw = False
85.4566 	EXP 	textInterval: autoDraw = True
86.4434 	EXP 	Imported InstrFile/Instr_SC.csv as conditions, 5 conditions, 1 params
86.4437 	EXP 	Created sequence: sequential, trialTypes=5, nReps=1, seed=None
86.4438 	EXP 	New trial (rep=0, index=0): OrderedDict([('chInstrSlide', 'InstrSlides/SC_s1.png')])
86.4881 	EXP 	textInterval: autoDraw = False
86.4881 	EXP 	textInterval: autoDraw = False
86.4881 	EXP 	MWdefInstr: image = 'InstrSlides/SC_s1.png'
86.4881 	EXP 	MWdefInstr: autoDraw = True
88.4911 	EXP 	New trial (rep=0, index=1): OrderedDict([('chInstrSlide', 'InstrSlides/SC_s2.png')])
88.5082 	EXP 	MWdefInstr: autoDraw = False
88.5082 	EXP 	MWdefInstr: image = 'InstrSlides/SC_s2.png'
88.5082 	EXP 	MWdefInstr: autoDraw = True
89.6241 	EXP 	New trial (rep=0, index=2): OrderedDict([('chInstrSlide', 'InstrSlides/SC_s3.png')])
89.6411 	EXP 	MWdefInstr: autoDraw = False
89.6411 	EXP 	MWdefInstr: image = 'InstrSlides/SC_s3.png'
89.6411 	EXP 	MWdefInstr: autoDraw = True
91.4741 	EXP 	New trial (rep=0, index=3): OrderedDict([('chInstrSlide', 'InstrSlides/SC_s4.png')])
91.4910 	EXP 	MWdefInstr: autoDraw = False
91.4910 	EXP 	MWdefInstr: image = 'InstrSlides/SC_s4.png'
91.4910 	EXP 	MWdefInstr: autoDraw = True
93.2576 	EXP 	New trial (rep=0, index=4): OrderedDict([('chInstrSlide', 'InstrSlides/SC_s5.png')])
93.2751 	EXP 	MWdefInstr: autoDraw = False
93.2751 	EXP 	MWdefInstr: image = 'InstrSlides/SC_s5.png'
93.2751 	EXP 	MWdefInstr: autoDraw = True
95.8577 	EXP 	MWdefInstr: autoDraw = False
95.8577 	EXP 	text: autoDraw = True
98.7399 	EXP 	text: autoDraw = False
98.7399 	EXP 	NoSkipping: autoDraw = True
100.6066 	EXP 	NoSkipping: autoDraw = False
101.5911 	EXP 	eyetracker.clearEvents()
101.5921 	EXP 	eyetracker.setRecordingState(True)
101.5977 	EXP 	Created calibrationTarget = ShapeStim(__class__=<class 'psychopy.visual.shape.ShapeStim'>, anchor=('center', 'center'), autoDraw=False, autoLog=True, closeShape=True, color=method-wrapper(...), colorSpace='hsv', contrast=None, depth=0, fillColor=array([0. , 0. , 0.5]), fillColorSpace='hsv', fillRGB=array([0, 0, 0]), interpolate=True, lineColor=array([0., 0., 0.]), lineColorSpace='hsv', lineRGB=array([-1, -1, -1]), lineWidth=2.0, name='calibrationTarget', opacity=1.0, ori=0.0, pos=array([0., 0.]), size=array([0., 0.]), units='height', vertices=ndarray(...), win=Window(...), windingRule=None)
101.6020 	EXP 	Created calibrationTargetInner = ShapeStim(__class__=<class 'psychopy.visual.shape.ShapeStim'>, anchor=('center', 'center'), autoDraw=False, autoLog=True, closeShape=True, color=method-wrapper(...), colorSpace='hsv', contrast=None, depth=0, fillColor=ndarray(...), fillColorSpace='hsv', fillRGB=array([-1.        ,  0.00392157, -1.        ]), interpolate=True, lineColor=array([0., 0., 0.]), lineColorSpace='hsv', lineRGB=array([-1, -1, -1]), lineWidth=2.0, name='calibrationTargetInner', opacity=1.0, ori=0.0, pos=array([0., 0.]), size=array([0., 0.]), units='height', vertices=ndarray(...), win=Window(...), windingRule=None)
117.4425 	EXP 	Imported LifePages.csv as conditions, 17 conditions, 1 params
117.4428 	EXP 	Created sequence: sequential, trialTypes=17, nReps=1, seed=None
117.4430 	EXP 	New trial (rep=0, index=0): OrderedDict([('ChPage', 'images/21.1.png')])
117.4987 	EXP 	imagePages: image = 'images/21.1.png'
117.4987 	EXP 	imagePages: autoDraw = True
117.4987 	EXP 	PCProbe: autoDraw = True
117.4987 	EXP 	PCProbe: texRes = 128.0
117.4987 	EXP 	SCProbe: autoDraw = True
117.4987 	EXP 	SCProbe: texRes = 128
117.5158 	EXP 	PCProbe: texRes = 128.0
117.5158 	EXP 	SCProbe: texRes = 128
117.5310 	EXP 	PCProbe: texRes = 128.0
117.5310 	EXP 	SCProbe: texRes = 128
117.5467 	EXP 	PCProbe: texRes = 128.0
117.5467 	EXP 	SCProbe: texRes = 128
117.5633 	EXP 	PCProbe: texRes = 128.0
117.5633 	EXP 	SCProbe: texRes = 128
117.6215 	EXP 	PCProbe: texRes = 128.0
117.6215 	EXP 	SCProbe: texRes = 128
117.6360 	EXP 	PCProbe: texRes = 128.0
117.6360 	EXP 	SCProbe: texRes = 128
117.6510 	EXP 	PCProbe: texRes = 128.0
117.6510 	EXP 	SCProbe: texRes = 128
117.6654 	EXP 	PCProbe: texRes = 128.0
117.6654 	EXP 	SCProbe: texRes = 128
117.6810 	EXP 	PCProbe: texRes = 128.0
117.6810 	EXP 	SCProbe: texRes = 128
117.6971 	EXP 	PCProbe: texRes = 128.0
117.6971 	EXP 	SCProbe: texRes = 128
117.7133 	EXP 	PCProbe: texRes = 128.0
117.7133 	EXP 	SCProbe: texRes = 128
117.7302 	EXP 	PCProbe: texRes = 128.0
117.7302 	EXP 	SCProbe: texRes = 128
117.7467 	EXP 	PCProbe: texRes = 128.0
117.7467 	EXP 	SCProbe: texRes = 128
117.7621 	EXP 	PCProbe: texRes = 128.0
117.7621 	EXP 	SCProbe: texRes = 128
117.7781 	EXP 	PCProbe: texRes = 128.0
117.7781 	EXP 	SCProbe: texRes = 128
117.7937 	EXP 	PCProbe: texRes = 128.0
117.7937 	EXP 	SCProbe: texRes = 128
117.8103 	EXP 	PCProbe: texRes = 128.0
117.8103 	EXP 	SCProbe: texRes = 128
117.8288 	EXP 	PCProbe: texRes = 128.0
117.8288 	EXP 	SCProbe: texRes = 128
117.8573 	EXP 	PCProbe: texRes = 128.0
117.8573 	EXP 	SCProbe: texRes = 128
117.8719 	EXP 	PCProbe: texRes = 128.0
117.8719 	EXP 	SCProbe: texRes = 128
117.8863 	EXP 	PCProbe: texRes = 128.0
117.8863 	EXP 	SCProbe: texRes = 128
117.9008 	EXP 	PCProbe: texRes = 128.0
117.9008 	EXP 	SCProbe: texRes = 128
117.9165 	EXP 	PCProbe: texRes = 128.0
117.9165 	EXP 	SCProbe: texRes = 128
117.9312 	EXP 	PCProbe: texRes = 128.0
117.9312 	EXP 	SCProbe: texRes = 128
117.9466 	EXP 	PCProbe: texRes = 128.0
117.9466 	EXP 	SCProbe: texRes = 128
117.9623 	EXP 	PCProbe: texRes = 128.0
117.9623 	EXP 	SCProbe: texRes = 128
117.9786 	EXP 	PCProbe: texRes = 128.0
117.9786 	EXP 	SCProbe: texRes = 128
118.0073 	EXP 	PCProbe: texRes = 128.0
118.0073 	EXP 	SCProbe: texRes = 128
118.0283 	EXP 	PCProbe: texRes = 128.0
118.0283 	EXP 	SCProbe: texRes = 128
118.0440 	EXP 	PCProbe: texRes = 128.0
118.0440 	EXP 	SCProbe: texRes = 128
118.0596 	EXP 	PCProbe: texRes = 128.0
118.0596 	EXP 	SCProbe: texRes = 128
118.0761 	EXP 	PCProbe: texRes = 128.0
118.0761 	EXP 	SCProbe: texRes = 128
118.0913 	EXP 	PCProbe: texRes = 128.0
118.0913 	EXP 	SCProbe: texRes = 128
118.1076 	EXP 	PCProbe: texRes = 128.0
118.1076 	EXP 	SCProbe: texRes = 128
118.1239 	EXP 	PCProbe: texRes = 128.0
118.1239 	EXP 	SCProbe: texRes = 128
118.1406 	EXP 	PCProbe: texRes = 128.0
118.1406 	EXP 	SCProbe: texRes = 128
118.1568 	EXP 	PCProbe: texRes = 128.0
118.1568 	EXP 	SCProbe: texRes = 128
118.1740 	EXP 	PCProbe: texRes = 128.0
118.1740 	EXP 	SCProbe: texRes = 128
118.1904 	EXP 	PCProbe: texRes = 128.0
118.1904 	EXP 	SCProbe: texRes = 128
118.2088 	EXP 	PCProbe: texRes = 128.0
118.2088 	EXP 	SCProbe: texRes = 128
118.2250 	EXP 	PCProbe: texRes = 128.0
118.2250 	EXP 	SCProbe: texRes = 128
118.2433 	EXP 	PCProbe: texRes = 128.0
118.2433 	EXP 	SCProbe: texRes = 128
118.2586 	EXP 	PCProbe: texRes = 128.0
118.2586 	EXP 	SCProbe: texRes = 128
118.2744 	EXP 	PCProbe: texRes = 128.0
118.2744 	EXP 	SCProbe: texRes = 128
118.2906 	EXP 	PCProbe: texRes = 128.0
118.2906 	EXP 	SCProbe: texRes = 128
118.3075 	EXP 	PCProbe: texRes = 128.0
118.3075 	EXP 	SCProbe: texRes = 128
118.3239 	EXP 	PCProbe: texRes = 128.0
118.3239 	EXP 	SCProbe: texRes = 128
118.3406 	EXP 	PCProbe: texRes = 128.0
118.3406 	EXP 	SCProbe: texRes = 128
118.3582 	EXP 	PCProbe: texRes = 128.0
118.3582 	EXP 	SCProbe: texRes = 128
118.3785 	EXP 	PCProbe: texRes = 128.0
118.3785 	EXP 	SCProbe: texRes = 128
118.3941 	EXP 	PCProbe: texRes = 128.0
118.3941 	EXP 	SCProbe: texRes = 128
118.4094 	EXP 	PCProbe: texRes = 128.0
118.4094 	EXP 	SCProbe: texRes = 128
118.4250 	EXP 	PCProbe: texRes = 128.0
118.4250 	EXP 	SCProbe: texRes = 128
118.4405 	EXP 	PCProbe: texRes = 128.0
118.4405 	EXP 	SCProbe: texRes = 128
118.4572 	EXP 	PCProbe: texRes = 128.0
118.4572 	EXP 	SCProbe: texRes = 128
118.4738 	EXP 	PCProbe: texRes = 128.0
118.4738 	EXP 	SCProbe: texRes = 128
118.4906 	EXP 	PCProbe: texRes = 128.0
118.4906 	EXP 	SCProbe: texRes = 128
118.5072 	EXP 	PCProbe: texRes = 128.0
118.5072 	EXP 	SCProbe: texRes = 128
118.5241 	EXP 	PCProbe: texRes = 128.0
118.5241 	EXP 	SCProbe: texRes = 128
118.5405 	EXP 	PCProbe: texRes = 128.0
118.5405 	EXP 	SCProbe: texRes = 128
118.5571 	EXP 	PCProbe: texRes = 128.0
118.5571 	EXP 	SCProbe: texRes = 128
118.5738 	EXP 	PCProbe: texRes = 128.0
118.5738 	EXP 	SCProbe: texRes = 128
118.5905 	EXP 	PCProbe: texRes = 128.0
118.5905 	EXP 	SCProbe: texRes = 128
118.6072 	EXP 	PCProbe: texRes = 128.0
118.6072 	EXP 	SCProbe: texRes = 128
118.6239 	EXP 	PCProbe: texRes = 128.0
118.6239 	EXP 	SCProbe: texRes = 128
118.6405 	EXP 	PCProbe: texRes = 128.0
118.6405 	EXP 	SCProbe: texRes = 128
118.6572 	EXP 	PCProbe: texRes = 128.0
118.6572 	EXP 	SCProbe: texRes = 128
118.6738 	EXP 	PCProbe: texRes = 128.0
118.6738 	EXP 	SCProbe: texRes = 128
118.6905 	EXP 	PCProbe: texRes = 128.0
118.6905 	EXP 	SCProbe: texRes = 128
118.7072 	EXP 	PCProbe: texRes = 128.0
118.7072 	EXP 	SCProbe: texRes = 128
118.7239 	EXP 	PCProbe: texRes = 128.0
118.7239 	EXP 	SCProbe: texRes = 128
118.7405 	EXP 	PCProbe: texRes = 128.0
118.7405 	EXP 	SCProbe: texRes = 128
118.7572 	EXP 	PCProbe: texRes = 128.0
118.7572 	EXP 	SCProbe: texRes = 128
118.7738 	EXP 	PCProbe: texRes = 128.0
118.7738 	EXP 	SCProbe: texRes = 128
118.7905 	EXP 	PCProbe: texRes = 128.0
118.7905 	EXP 	SCProbe: texRes = 128
118.8072 	EXP 	PCProbe: texRes = 128.0
118.8072 	EXP 	SCProbe: texRes = 128
118.8238 	EXP 	PCProbe: texRes = 128.0
118.8238 	EXP 	SCProbe: texRes = 128
118.8405 	EXP 	PCProbe: texRes = 128.0
118.8405 	EXP 	SCProbe: texRes = 128
118.8571 	EXP 	PCProbe: texRes = 128.0
118.8571 	EXP 	SCProbe: texRes = 128
118.8738 	EXP 	PCProbe: texRes = 128.0
118.8738 	EXP 	SCProbe: texRes = 128
118.8905 	EXP 	PCProbe: texRes = 128.0
118.8905 	EXP 	SCProbe: texRes = 128
118.9239 	EXP 	PCProbe: texRes = 128.0
118.9239 	EXP 	SCProbe: texRes = 128
118.9412 	EXP 	PCProbe: texRes = 128.0
118.9412 	EXP 	SCProbe: texRes = 128
118.9580 	EXP 	PCProbe: texRes = 128.0
118.9580 	EXP 	SCProbe: texRes = 128
118.9727 	EXP 	PCProbe: texRes = 128.0
118.9727 	EXP 	SCProbe: texRes = 128
118.9898 	EXP 	PCProbe: texRes = 128.0
118.9898 	EXP 	SCProbe: texRes = 128
119.0048 	EXP 	PCProbe: texRes = 128.0
119.0048 	EXP 	SCProbe: texRes = 128
119.0207 	EXP 	PCProbe: texRes = 128.0
119.0207 	EXP 	SCProbe: texRes = 128
119.0355 	EXP 	PCProbe: texRes = 128.0
119.0355 	EXP 	SCProbe: texRes = 128
119.0507 	EXP 	PCProbe: texRes = 128.0
119.0507 	EXP 	SCProbe: texRes = 128
119.0655 	EXP 	PCProbe: texRes = 128.0
119.0655 	EXP 	SCProbe: texRes = 128
119.0815 	EXP 	PCProbe: texRes = 128.0
119.0815 	EXP 	SCProbe: texRes = 128
119.0971 	EXP 	PCProbe: texRes = 128.0
119.0971 	EXP 	SCProbe: texRes = 128
119.1133 	EXP 	PCProbe: texRes = 128.0
119.1133 	EXP 	SCProbe: texRes = 128
119.1299 	EXP 	PCProbe: texRes = 128.0
119.1299 	EXP 	SCProbe: texRes = 128
119.1464 	EXP 	PCProbe: texRes = 128.0
119.1464 	EXP 	SCProbe: texRes = 128
119.1628 	EXP 	PCProbe: texRes = 128.0
119.1628 	EXP 	SCProbe: texRes = 128
119.1787 	EXP 	PCProbe: texRes = 128.0
119.1787 	EXP 	SCProbe: texRes = 128
119.1949 	EXP 	PCProbe: texRes = 128.0
119.1949 	EXP 	SCProbe: texRes = 128
119.2110 	EXP 	PCProbe: texRes = 128.0
119.2110 	EXP 	SCProbe: texRes = 128
119.2270 	EXP 	PCProbe: texRes = 128.0
119.2270 	EXP 	SCProbe: texRes = 128
119.2428 	EXP 	PCProbe: texRes = 128.0
119.2428 	EXP 	SCProbe: texRes = 128
119.2597 	EXP 	PCProbe: texRes = 128.0
119.2597 	EXP 	SCProbe: texRes = 128
119.2754 	EXP 	PCProbe: texRes = 128.0
119.2754 	EXP 	SCProbe: texRes = 128
119.2918 	EXP 	PCProbe: texRes = 128.0
119.2918 	EXP 	SCProbe: texRes = 128
119.3078 	EXP 	PCProbe: texRes = 128.0
119.3078 	EXP 	SCProbe: texRes = 128
119.3263 	EXP 	PCProbe: texRes = 128.0
119.3263 	EXP 	SCProbe: texRes = 128
119.3448 	EXP 	PCProbe: texRes = 128.0
119.3448 	EXP 	SCProbe: texRes = 128
119.3631 	EXP 	PCProbe: texRes = 128.0
119.3631 	EXP 	SCProbe: texRes = 128
119.3796 	EXP 	PCProbe: texRes = 128.0
119.3796 	EXP 	SCProbe: texRes = 128
119.3970 	EXP 	PCProbe: texRes = 128.0
119.3970 	EXP 	SCProbe: texRes = 128
119.4144 	EXP 	PCProbe: texRes = 128.0
119.4144 	EXP 	SCProbe: texRes = 128
119.4310 	EXP 	PCProbe: texRes = 128.0
119.4310 	EXP 	SCProbe: texRes = 128
119.4521 	EXP 	PCProbe: texRes = 128.0
119.4521 	EXP 	SCProbe: texRes = 128
119.4676 	EXP 	PCProbe: texRes = 128.0
119.4676 	EXP 	SCProbe: texRes = 128
119.4830 	EXP 	PCProbe: texRes = 128.0
119.4830 	EXP 	SCProbe: texRes = 128
119.4975 	EXP 	PCProbe: texRes = 128.0
119.4975 	EXP 	SCProbe: texRes = 128
119.5130 	EXP 	PCProbe: texRes = 128.0
119.5130 	EXP 	SCProbe: texRes = 128
119.5295 	EXP 	PCProbe: texRes = 128.0
119.5295 	EXP 	SCProbe: texRes = 128
119.5457 	EXP 	PCProbe: texRes = 128.0
119.5457 	EXP 	SCProbe: texRes = 128
119.5619 	EXP 	PCProbe: texRes = 128.0
119.5619 	EXP 	SCProbe: texRes = 128
119.5783 	EXP 	PCProbe: texRes = 128.0
119.5783 	EXP 	SCProbe: texRes = 128
119.5942 	EXP 	PCProbe: texRes = 128.0
119.5942 	EXP 	SCProbe: texRes = 128
119.6091 	EXP 	PCProbe: texRes = 128.0
119.6091 	EXP 	SCProbe: texRes = 128
119.6249 	EXP 	PCProbe: texRes = 128.0
119.6249 	EXP 	SCProbe: texRes = 128
119.6407 	EXP 	PCProbe: texRes = 128.0
119.6407 	EXP 	SCProbe: texRes = 128
119.6572 	EXP 	PCProbe: texRes = 128.0
119.6572 	EXP 	SCProbe: texRes = 128
119.6739 	EXP 	PCProbe: texRes = 128.0
119.6739 	EXP 	SCProbe: texRes = 128
119.6905 	EXP 	PCProbe: texRes = 128.0
119.6905 	EXP 	SCProbe: texRes = 128
119.7072 	EXP 	PCProbe: texRes = 128.0
119.7072 	EXP 	SCProbe: texRes = 128
119.7238 	EXP 	PCProbe: texRes = 128.0
119.7238 	EXP 	SCProbe: texRes = 128
119.7405 	EXP 	PCProbe: texRes = 128.0
119.7405 	EXP 	SCProbe: texRes = 128
119.7574 	EXP 	PCProbe: texRes = 128.0
119.7574 	EXP 	SCProbe: texRes = 128
119.7739 	EXP 	PCProbe: texRes = 128.0
119.7739 	EXP 	SCProbe: texRes = 128
119.7902 	EXP 	PCProbe: texRes = 128.0
119.7902 	EXP 	SCProbe: texRes = 128
119.8072 	EXP 	PCProbe: texRes = 128.0
119.8072 	EXP 	SCProbe: texRes = 128
119.8246 	EXP 	PCProbe: texRes = 128.0
119.8246 	EXP 	SCProbe: texRes = 128
119.8405 	EXP 	PCProbe: texRes = 128.0
119.8405 	EXP 	SCProbe: texRes = 128
119.8577 	EXP 	PCProbe: texRes = 128.0
119.8577 	EXP 	SCProbe: texRes = 128
119.8757 	EXP 	PCProbe: texRes = 128.0
119.8757 	EXP 	SCProbe: texRes = 128
119.8918 	EXP 	PCProbe: texRes = 128.0
119.8918 	EXP 	SCProbe: texRes = 128
119.9093 	EXP 	PCProbe: texRes = 128.0
119.9093 	EXP 	SCProbe: texRes = 128
119.9262 	EXP 	PCProbe: texRes = 128.0
119.9262 	EXP 	SCProbe: texRes = 128
119.9434 	EXP 	PCProbe: texRes = 128.0
119.9434 	EXP 	SCProbe: texRes = 128
119.9597 	EXP 	PCProbe: texRes = 128.0
119.9597 	EXP 	SCProbe: texRes = 128
119.9803 	EXP 	PCProbe: texRes = 128.0
119.9803 	EXP 	SCProbe: texRes = 128
119.9964 	EXP 	PCProbe: texRes = 128.0
119.9964 	EXP 	SCProbe: texRes = 128
120.0127 	EXP 	PCProbe: texRes = 128.0
120.0127 	EXP 	SCProbe: texRes = 128
120.0280 	EXP 	PCProbe: texRes = 128.0
120.0280 	EXP 	SCProbe: texRes = 128
120.0437 	EXP 	PCProbe: texRes = 128.0
120.0437 	EXP 	SCProbe: texRes = 128
120.0595 	EXP 	PCProbe: texRes = 128.0
120.0595 	EXP 	SCProbe: texRes = 128
120.0750 	EXP 	PCProbe: texRes = 128.0
120.0750 	EXP 	SCProbe: texRes = 128
120.0925 	EXP 	PCProbe: texRes = 128.0
120.0925 	EXP 	SCProbe: texRes = 128
120.1076 	EXP 	PCProbe: texRes = 128.0
120.1076 	EXP 	SCProbe: texRes = 128
120.1240 	EXP 	PCProbe: texRes = 128.0
120.1240 	EXP 	SCProbe: texRes = 128
120.1405 	EXP 	PCProbe: texRes = 128.0
120.1405 	EXP 	SCProbe: texRes = 128
120.1572 	EXP 	PCProbe: texRes = 128.0
120.1572 	EXP 	SCProbe: texRes = 128
120.1738 	EXP 	PCProbe: texRes = 128.0
120.1738 	EXP 	SCProbe: texRes = 128
120.1905 	EXP 	PCProbe: texRes = 128.0
120.1905 	EXP 	SCProbe: texRes = 128
120.2072 	EXP 	PCProbe: texRes = 128.0
120.2072 	EXP 	SCProbe: texRes = 128
120.2242 	EXP 	PCProbe: texRes = 128.0
120.2242 	EXP 	SCProbe: texRes = 128
120.2409 	EXP 	PCProbe: texRes = 128.0
120.2409 	EXP 	SCProbe: texRes = 128
120.2572 	EXP 	PCProbe: texRes = 128.0
120.2572 	EXP 	SCProbe: texRes = 128
120.2759 	EXP 	PCProbe: texRes = 128.0
120.2759 	EXP 	SCProbe: texRes = 128
120.2912 	EXP 	PCProbe: texRes = 128.0
120.2912 	EXP 	SCProbe: texRes = 128
120.3076 	EXP 	PCProbe: texRes = 128.0
120.3076 	EXP 	SCProbe: texRes = 128
120.3239 	EXP 	PCProbe: texRes = 128.0
120.3239 	EXP 	SCProbe: texRes = 128
120.3408 	EXP 	PCProbe: texRes = 128.0
120.3408 	EXP 	SCProbe: texRes = 128
120.3572 	EXP 	PCProbe: texRes = 128.0
120.3572 	EXP 	SCProbe: texRes = 128
120.3753 	EXP 	PCProbe: texRes = 128.0
120.3753 	EXP 	SCProbe: texRes = 128
120.3915 	EXP 	PCProbe: texRes = 128.0
120.3915 	EXP 	SCProbe: texRes = 128
120.4090 	EXP 	PCProbe: texRes = 128.0
120.4090 	EXP 	SCProbe: texRes = 128
120.4262 	EXP 	PCProbe: texRes = 128.0
120.4262 	EXP 	SCProbe: texRes = 128
120.4439 	EXP 	PCProbe: texRes = 128.0
120.4439 	EXP 	SCProbe: texRes = 128
120.4628 	EXP 	PCProbe: texRes = 128.0
120.4628 	EXP 	SCProbe: texRes = 128
120.4800 	EXP 	PCProbe: texRes = 128.0
120.4800 	EXP 	SCProbe: texRes = 128
120.4963 	EXP 	PCProbe: texRes = 128.0
120.4963 	EXP 	SCProbe: texRes = 128
120.5158 	EXP 	PCProbe: texRes = 128.0
120.5158 	EXP 	SCProbe: texRes = 128
120.5313 	EXP 	PCProbe: texRes = 128.0
120.5313 	EXP 	SCProbe: texRes = 128
120.5466 	EXP 	PCProbe: texRes = 128.0
120.5466 	EXP 	SCProbe: texRes = 128
120.5627 	EXP 	PCProbe: texRes = 128.0
120.5627 	EXP 	SCProbe: texRes = 128
120.5793 	EXP 	PCProbe: texRes = 128.0
120.5793 	EXP 	SCProbe: texRes = 128
120.5944 	EXP 	PCProbe: texRes = 128.0
120.5944 	EXP 	SCProbe: texRes = 128
120.6102 	EXP 	PCProbe: texRes = 128.0
120.6102 	EXP 	SCProbe: texRes = 128
120.6255 	EXP 	PCProbe: texRes = 128.0
120.6255 	EXP 	SCProbe: texRes = 128
120.6412 	EXP 	PCProbe: texRes = 128.0
120.6412 	EXP 	SCProbe: texRes = 128
120.6588 	EXP 	PCProbe: texRes = 128.0
120.6588 	EXP 	SCProbe: texRes = 128
120.6746 	EXP 	PCProbe: texRes = 128.0
120.6746 	EXP 	SCProbe: texRes = 128
120.6909 	EXP 	PCProbe: texRes = 128.0
120.6909 	EXP 	SCProbe: texRes = 128
120.7072 	EXP 	PCProbe: texRes = 128.0
120.7072 	EXP 	SCProbe: texRes = 128
120.7240 	EXP 	PCProbe: texRes = 128.0
120.7240 	EXP 	SCProbe: texRes = 128
120.7405 	EXP 	PCProbe: texRes = 128.0
120.7405 	EXP 	SCProbe: texRes = 128
120.7572 	EXP 	PCProbe: texRes = 128.0
120.7572 	EXP 	SCProbe: texRes = 128
120.7738 	EXP 	PCProbe: texRes = 128.0
120.7738 	EXP 	SCProbe: texRes = 128
120.7905 	EXP 	PCProbe: texRes = 128.0
120.7905 	EXP 	SCProbe: texRes = 128
120.8067 	EXP 	PCProbe: texRes = 128.0
120.8067 	EXP 	SCProbe: texRes = 128
120.8239 	EXP 	PCProbe: texRes = 128.0
120.8239 	EXP 	SCProbe: texRes = 128
120.8420 	EXP 	PCProbe: texRes = 128.0
120.8420 	EXP 	SCProbe: texRes = 128
120.8573 	EXP 	PCProbe: texRes = 128.0
120.8573 	EXP 	SCProbe: texRes = 128
120.8749 	EXP 	PCProbe: texRes = 128.0
120.8749 	EXP 	SCProbe: texRes = 128
120.8907 	EXP 	PCProbe: texRes = 128.0
120.8907 	EXP 	SCProbe: texRes = 128
120.9176 	EXP 	PCProbe: texRes = 128.0
120.9176 	EXP 	SCProbe: texRes = 128
120.9336 	EXP 	PCProbe: texRes = 128.0
120.9336 	EXP 	SCProbe: texRes = 128
120.9506 	EXP 	PCProbe: texRes = 128.0
120.9506 	EXP 	SCProbe: texRes = 128
120.9671 	EXP 	PCProbe: texRes = 128.0
120.9671 	EXP 	SCProbe: texRes = 128
120.9845 	EXP 	PCProbe: texRes = 128.0
120.9845 	EXP 	SCProbe: texRes = 128
121.0008 	EXP 	PCProbe: texRes = 128.0
121.0008 	EXP 	SCProbe: texRes = 128
121.0197 	EXP 	PCProbe: texRes = 128.0
121.0197 	EXP 	SCProbe: texRes = 128
121.0373 	EXP 	PCProbe: texRes = 128.0
121.0373 	EXP 	SCProbe: texRes = 128
121.0577 	EXP 	PCProbe: texRes = 128.0
121.0577 	EXP 	SCProbe: texRes = 128
121.0745 	EXP 	PCProbe: texRes = 128.0
121.0745 	EXP 	SCProbe: texRes = 128
121.0908 	EXP 	PCProbe: texRes = 128.0
121.0908 	EXP 	SCProbe: texRes = 128
121.1078 	EXP 	PCProbe: texRes = 128.0
121.1078 	EXP 	SCProbe: texRes = 128
121.1239 	EXP 	PCProbe: texRes = 128.0
121.1239 	EXP 	SCProbe: texRes = 128
121.1405 	EXP 	PCProbe: texRes = 128.0
121.1405 	EXP 	SCProbe: texRes = 128
121.1572 	EXP 	PCProbe: texRes = 128.0
121.1572 	EXP 	SCProbe: texRes = 128
121.1738 	EXP 	PCProbe: texRes = 128.0
121.1738 	EXP 	SCProbe: texRes = 128
121.1907 	EXP 	PCProbe: texRes = 128.0
121.1907 	EXP 	SCProbe: texRes = 128
121.2072 	EXP 	PCProbe: texRes = 128.0
121.2072 	EXP 	SCProbe: texRes = 128
121.2238 	EXP 	PCProbe: texRes = 128.0
121.2238 	EXP 	SCProbe: texRes = 128
121.2406 	EXP 	PCProbe: texRes = 128.0
121.2406 	EXP 	SCProbe: texRes = 128
121.2584 	EXP 	PCProbe: texRes = 128.0
121.2584 	EXP 	SCProbe: texRes = 128
121.2740 	EXP 	PCProbe: texRes = 128.0
121.2740 	EXP 	SCProbe: texRes = 128
121.2920 	EXP 	PCProbe: texRes = 128.0
121.2920 	EXP 	SCProbe: texRes = 128
121.3068 	EXP 	PCProbe: texRes = 128.0
121.3068 	EXP 	SCProbe: texRes = 128
121.3238 	EXP 	PCProbe: texRes = 128.0
121.3238 	EXP 	SCProbe: texRes = 128
121.3405 	EXP 	PCProbe: texRes = 128.0
121.3405 	EXP 	SCProbe: texRes = 128
121.3573 	EXP 	PCProbe: texRes = 128.0
121.3573 	EXP 	SCProbe: texRes = 128
121.3735 	EXP 	PCProbe: texRes = 128.0
121.3735 	EXP 	SCProbe: texRes = 128
121.3925 	EXP 	PCProbe: texRes = 128.0
121.3925 	EXP 	SCProbe: texRes = 128
121.4094 	EXP 	PCProbe: texRes = 128.0
121.4094 	EXP 	SCProbe: texRes = 128
121.4288 	EXP 	PCProbe: texRes = 128.0
121.4288 	EXP 	SCProbe: texRes = 128
121.4456 	EXP 	PCProbe: texRes = 128.0
121.4456 	EXP 	SCProbe: texRes = 128
121.4633 	EXP 	PCProbe: texRes = 128.0
121.4633 	EXP 	SCProbe: texRes = 128
121.4817 	EXP 	PCProbe: texRes = 128.0
121.4817 	EXP 	SCProbe: texRes = 128
121.4984 	EXP 	PCProbe: texRes = 128.0
121.4984 	EXP 	SCProbe: texRes = 128
121.5158 	EXP 	PCProbe: texRes = 128.0
121.5158 	EXP 	SCProbe: texRes = 128
121.5327 	EXP 	PCProbe: texRes = 128.0
121.5327 	EXP 	SCProbe: texRes = 128
121.5485 	EXP 	PCProbe: texRes = 128.0
121.5485 	EXP 	SCProbe: texRes = 128
121.5660 	EXP 	PCProbe: texRes = 128.0
121.5660 	EXP 	SCProbe: texRes = 128
121.5822 	EXP 	PCProbe: texRes = 128.0
121.5822 	EXP 	SCProbe: texRes = 128
121.6016 	EXP 	PCProbe: texRes = 128.0
121.6016 	EXP 	SCProbe: texRes = 128
121.6188 	EXP 	PCProbe: texRes = 128.0
121.6188 	EXP 	SCProbe: texRes = 128
121.6338 	EXP 	PCProbe: texRes = 128.0
121.6338 	EXP 	SCProbe: texRes = 128
121.6498 	EXP 	PCProbe: texRes = 128.0
121.6498 	EXP 	SCProbe: texRes = 128
121.6642 	EXP 	PCProbe: texRes = 128.0
121.6642 	EXP 	SCProbe: texRes = 128
121.6796 	EXP 	PCProbe: texRes = 128.0
121.6796 	EXP 	SCProbe: texRes = 128
121.6955 	EXP 	PCProbe: texRes = 128.0
121.6955 	EXP 	SCProbe: texRes = 128
121.7117 	EXP 	PCProbe: texRes = 128.0
121.7117 	EXP 	SCProbe: texRes = 128
121.7275 	EXP 	PCProbe: texRes = 128.0
121.7275 	EXP 	SCProbe: texRes = 128
121.7445 	EXP 	PCProbe: texRes = 128.0
121.7445 	EXP 	SCProbe: texRes = 128
121.7592 	EXP 	PCProbe: texRes = 128.0
121.7592 	EXP 	SCProbe: texRes = 128
121.7744 	EXP 	PCProbe: texRes = 128.0
121.7744 	EXP 	SCProbe: texRes = 128
121.7905 	EXP 	PCProbe: texRes = 128.0
121.7905 	EXP 	SCProbe: texRes = 128
121.8072 	EXP 	PCProbe: texRes = 128.0
121.8072 	EXP 	SCProbe: texRes = 128
121.8238 	EXP 	PCProbe: texRes = 128.0
121.8238 	EXP 	SCProbe: texRes = 128
121.8405 	EXP 	PCProbe: texRes = 128.0
121.8405 	EXP 	SCProbe: texRes = 128
121.8576 	EXP 	PCProbe: texRes = 128.0
121.8576 	EXP 	SCProbe: texRes = 128
121.8739 	EXP 	PCProbe: texRes = 128.0
121.8739 	EXP 	SCProbe: texRes = 128
121.8910 	EXP 	PCProbe: texRes = 128.0
121.8910 	EXP 	SCProbe: texRes = 128
121.9072 	EXP 	PCProbe: texRes = 128.0
121.9072 	EXP 	SCProbe: texRes = 128
121.9239 	EXP 	PCProbe: texRes = 128.0
121.9239 	EXP 	SCProbe: texRes = 128
121.9405 	EXP 	PCProbe: texRes = 128.0
121.9405 	EXP 	SCProbe: texRes = 128
121.9572 	EXP 	PCProbe: texRes = 128.0
121.9572 	EXP 	SCProbe: texRes = 128
121.9739 	EXP 	PCProbe: texRes = 128.0
121.9739 	EXP 	SCProbe: texRes = 128
121.9906 	EXP 	PCProbe: texRes = 128.0
121.9906 	EXP 	SCProbe: texRes = 128
122.0072 	EXP 	PCProbe: texRes = 128.0
122.0072 	EXP 	SCProbe: texRes = 128
122.0238 	EXP 	PCProbe: texRes = 128.0
122.0238 	EXP 	SCProbe: texRes = 128
122.0415 	EXP 	PCProbe: texRes = 128.0
122.0415 	EXP 	SCProbe: texRes = 128
122.0569 	EXP 	PCProbe: texRes = 128.0
122.0569 	EXP 	SCProbe: texRes = 128
122.0748 	EXP 	PCProbe: texRes = 128.0
122.0748 	EXP 	SCProbe: texRes = 128
122.0924 	EXP 	PCProbe: texRes = 128.0
122.0924 	EXP 	SCProbe: texRes = 128
122.1098 	EXP 	PCProbe: texRes = 128.0
122.1098 	EXP 	SCProbe: texRes = 128
122.1331 	EXP 	PCProbe: texRes = 128.0
122.1331 	EXP 	SCProbe: texRes = 128
122.1486 	EXP 	PCProbe: texRes = 128.0
122.1486 	EXP 	SCProbe: texRes = 128
122.1638 	EXP 	PCProbe: texRes = 128.0
122.1638 	EXP 	SCProbe: texRes = 128
122.1798 	EXP 	PCProbe: texRes = 128.0
122.1798 	EXP 	SCProbe: texRes = 128
122.1966 	EXP 	PCProbe: texRes = 128.0
122.1966 	EXP 	SCProbe: texRes = 128
122.2121 	EXP 	PCProbe: texRes = 128.0
122.2121 	EXP 	SCProbe: texRes = 128
122.2279 	EXP 	PCProbe: texRes = 128.0
122.2279 	EXP 	SCProbe: texRes = 128
122.2433 	EXP 	PCProbe: texRes = 128.0
122.2433 	EXP 	SCProbe: texRes = 128
122.2589 	EXP 	PCProbe: texRes = 128.0
122.2589 	EXP 	SCProbe: texRes = 128
122.2753 	EXP 	PCProbe: texRes = 128.0
122.2753 	EXP 	SCProbe: texRes = 128
122.2909 	EXP 	PCProbe: texRes = 128.0
122.2909 	EXP 	SCProbe: texRes = 128
122.3074 	EXP 	PCProbe: texRes = 128.0
122.3074 	EXP 	SCProbe: texRes = 128
122.3239 	EXP 	PCProbe: texRes = 128.0
122.3239 	EXP 	SCProbe: texRes = 128
122.3406 	EXP 	PCProbe: texRes = 128.0
122.3406 	EXP 	SCProbe: texRes = 128
122.3574 	EXP 	PCProbe: texRes = 128.0
122.3574 	EXP 	SCProbe: texRes = 128
122.3740 	EXP 	PCProbe: texRes = 128.0
122.3740 	EXP 	SCProbe: texRes = 128
122.3950 	EXP 	PCProbe: texRes = 128.0
122.3950 	EXP 	SCProbe: texRes = 128
122.4113 	EXP 	PCProbe: texRes = 128.0
122.4113 	EXP 	SCProbe: texRes = 128
122.4283 	EXP 	PCProbe: texRes = 128.0
122.4283 	EXP 	SCProbe: texRes = 128
122.4448 	EXP 	PCProbe: texRes = 128.0
122.4448 	EXP 	SCProbe: texRes = 128
122.4610 	EXP 	PCProbe: texRes = 128.0
122.4610 	EXP 	SCProbe: texRes = 128
122.4764 	EXP 	PCProbe: texRes = 128.0
122.4764 	EXP 	SCProbe: texRes = 128
122.4924 	EXP 	PCProbe: texRes = 128.0
122.4924 	EXP 	SCProbe: texRes = 128
122.5080 	EXP 	PCProbe: texRes = 128.0
122.5080 	EXP 	SCProbe: texRes = 128
122.5240 	EXP 	PCProbe: texRes = 128.0
122.5240 	EXP 	SCProbe: texRes = 128
122.5422 	EXP 	PCProbe: texRes = 128.0
122.5422 	EXP 	SCProbe: texRes = 128
122.5585 	EXP 	PCProbe: texRes = 128.0
122.5585 	EXP 	SCProbe: texRes = 128
122.5750 	EXP 	PCProbe: texRes = 128.0
122.5750 	EXP 	SCProbe: texRes = 128
122.5905 	EXP 	PCProbe: texRes = 128.0
122.5905 	EXP 	SCProbe: texRes = 128
122.6075 	EXP 	PCProbe: texRes = 128.0
122.6075 	EXP 	SCProbe: texRes = 128
122.6238 	EXP 	PCProbe: texRes = 128.0
122.6238 	EXP 	SCProbe: texRes = 128
122.6427 	EXP 	PCProbe: texRes = 128.0
122.6427 	EXP 	SCProbe: texRes = 128
122.6628 	EXP 	PCProbe: texRes = 128.0
122.6628 	EXP 	SCProbe: texRes = 128
122.6795 	EXP 	PCProbe: texRes = 128.0
122.6795 	EXP 	SCProbe: texRes = 128
122.6969 	EXP 	PCProbe: texRes = 128.0
122.6969 	EXP 	SCProbe: texRes = 128
122.7120 	EXP 	PCProbe: texRes = 128.0
122.7120 	EXP 	SCProbe: texRes = 128
122.7276 	EXP 	PCProbe: texRes = 128.0
122.7276 	EXP 	SCProbe: texRes = 128
122.7432 	EXP 	PCProbe: texRes = 128.0
122.7432 	EXP 	SCProbe: texRes = 128
122.7581 	EXP 	PCProbe: texRes = 128.0
122.7581 	EXP 	SCProbe: texRes = 128
122.7739 	EXP 	PCProbe: texRes = 128.0
122.7739 	EXP 	SCProbe: texRes = 128
122.7910 	EXP 	PCProbe: texRes = 128.0
122.7910 	EXP 	SCProbe: texRes = 128
122.8073 	EXP 	PCProbe: texRes = 128.0
122.8073 	EXP 	SCProbe: texRes = 128
122.8242 	EXP 	PCProbe: texRes = 128.0
122.8242 	EXP 	SCProbe: texRes = 128
122.8406 	EXP 	PCProbe: texRes = 128.0
122.8406 	EXP 	SCProbe: texRes = 128
122.8578 	EXP 	PCProbe: texRes = 128.0
122.8578 	EXP 	SCProbe: texRes = 128
122.8738 	EXP 	PCProbe: texRes = 128.0
122.8738 	EXP 	SCProbe: texRes = 128
122.8921 	EXP 	PCProbe: texRes = 128.0
122.8921 	EXP 	SCProbe: texRes = 128
122.9142 	EXP 	PCProbe: texRes = 128.0
122.9142 	EXP 	SCProbe: texRes = 128
122.9304 	EXP 	PCProbe: texRes = 128.0
122.9304 	EXP 	SCProbe: texRes = 128
122.9464 	EXP 	PCProbe: texRes = 128.0
122.9464 	EXP 	SCProbe: texRes = 128
122.9623 	EXP 	PCProbe: texRes = 128.0
122.9623 	EXP 	SCProbe: texRes = 128
122.9780 	EXP 	PCProbe: texRes = 128.0
122.9780 	EXP 	SCProbe: texRes = 128
122.9943 	EXP 	PCProbe: texRes = 128.0
122.9943 	EXP 	SCProbe: texRes = 128
123.0100 	EXP 	PCProbe: texRes = 128.0
123.0100 	EXP 	SCProbe: texRes = 128
123.0263 	EXP 	PCProbe: texRes = 128.0
123.0263 	EXP 	SCProbe: texRes = 128
123.0422 	EXP 	PCProbe: texRes = 128.0
123.0422 	EXP 	SCProbe: texRes = 128
123.0594 	EXP 	PCProbe: texRes = 128.0
123.0594 	EXP 	SCProbe: texRes = 128
123.0761 	EXP 	PCProbe: texRes = 128.0
123.0761 	EXP 	SCProbe: texRes = 128
123.0915 	EXP 	PCProbe: texRes = 128.0
123.0915 	EXP 	SCProbe: texRes = 128
123.1164 	EXP 	PCProbe: texRes = 128.0
123.1164 	EXP 	SCProbe: texRes = 128
123.1312 	EXP 	PCProbe: texRes = 128.0
123.1312 	EXP 	SCProbe: texRes = 128
123.1476 	EXP 	PCProbe: texRes = 128.0
123.1476 	EXP 	SCProbe: texRes = 128
123.1630 	EXP 	PCProbe: texRes = 128.0
123.1630 	EXP 	SCProbe: texRes = 128
123.1795 	EXP 	PCProbe: texRes = 128.0
123.1795 	EXP 	SCProbe: texRes = 128
123.1985 	EXP 	PCProbe: texRes = 128.0
123.1985 	EXP 	SCProbe: texRes = 128
123.2139 	EXP 	PCProbe: texRes = 128.0
123.2139 	EXP 	SCProbe: texRes = 128
123.2289 	EXP 	PCProbe: texRes = 128.0
123.2289 	EXP 	SCProbe: texRes = 128
123.2460 	EXP 	PCProbe: texRes = 128.0
123.2460 	EXP 	SCProbe: texRes = 128
123.2617 	EXP 	PCProbe: texRes = 128.0
123.2617 	EXP 	SCProbe: texRes = 128
123.2777 	EXP 	PCProbe: texRes = 128.0
123.2777 	EXP 	SCProbe: texRes = 128
123.2927 	EXP 	PCProbe: texRes = 128.0
123.2927 	EXP 	SCProbe: texRes = 128
123.3083 	EXP 	PCProbe: texRes = 128.0
123.3083 	EXP 	SCProbe: texRes = 128
123.3241 	EXP 	PCProbe: texRes = 128.0
123.3241 	EXP 	SCProbe: texRes = 128
123.3406 	EXP 	PCProbe: texRes = 128.0
123.3406 	EXP 	SCProbe: texRes = 128
123.3572 	EXP 	PCProbe: texRes = 128.0
123.3572 	EXP 	SCProbe: texRes = 128
123.3739 	EXP 	PCProbe: texRes = 128.0
123.3739 	EXP 	SCProbe: texRes = 128
123.3906 	EXP 	PCProbe: texRes = 128.0
123.3906 	EXP 	SCProbe: texRes = 128
123.4143 	EXP 	PCProbe: texRes = 128.0
123.4143 	EXP 	SCProbe: texRes = 128
123.4305 	EXP 	PCProbe: texRes = 128.0
123.4305 	EXP 	SCProbe: texRes = 128
123.4467 	EXP 	PCProbe: texRes = 128.0
123.4467 	EXP 	SCProbe: texRes = 128
123.4627 	EXP 	PCProbe: texRes = 128.0
123.4627 	EXP 	SCProbe: texRes = 128
123.4788 	EXP 	PCProbe: texRes = 128.0
123.4788 	EXP 	SCProbe: texRes = 128
123.4941 	EXP 	PCProbe: texRes = 128.0
123.4941 	EXP 	SCProbe: texRes = 128
123.5103 	EXP 	PCProbe: texRes = 128.0
123.5103 	EXP 	SCProbe: texRes = 128
123.5260 	EXP 	PCProbe: texRes = 128.0
123.5260 	EXP 	SCProbe: texRes = 128
123.5418 	EXP 	PCProbe: texRes = 128.0
123.5418 	EXP 	SCProbe: texRes = 128
123.5583 	EXP 	PCProbe: texRes = 128.0
123.5583 	EXP 	SCProbe: texRes = 128
123.5744 	EXP 	PCProbe: texRes = 128.0
123.5744 	EXP 	SCProbe: texRes = 128
123.5908 	EXP 	PCProbe: texRes = 128.0
123.5908 	EXP 	SCProbe: texRes = 128
123.6074 	EXP 	PCProbe: texRes = 128.0
123.6074 	EXP 	SCProbe: texRes = 128
123.6242 	EXP 	PCProbe: texRes = 128.0
123.6242 	EXP 	SCProbe: texRes = 128
123.6405 	EXP 	PCProbe: texRes = 128.0
123.6405 	EXP 	SCProbe: texRes = 128
123.6578 	EXP 	PCProbe: texRes = 128.0
123.6578 	EXP 	SCProbe: texRes = 128
123.6739 	EXP 	PCProbe: texRes = 128.0
123.6739 	EXP 	SCProbe: texRes = 128
123.6911 	EXP 	PCProbe: texRes = 128.0
123.6911 	EXP 	SCProbe: texRes = 128
123.7072 	EXP 	PCProbe: texRes = 128.0
123.7072 	EXP 	SCProbe: texRes = 128
123.7302 	EXP 	PCProbe: texRes = 128.0
123.7302 	EXP 	SCProbe: texRes = 128
123.7461 	EXP 	PCProbe: texRes = 128.0
123.7461 	EXP 	SCProbe: texRes = 128
123.7611 	EXP 	PCProbe: texRes = 128.0
123.7611 	EXP 	SCProbe: texRes = 128
123.7759 	EXP 	PCProbe: texRes = 128.0
123.7759 	EXP 	SCProbe: texRes = 128
123.7919 	EXP 	PCProbe: texRes = 128.0
123.7919 	EXP 	SCProbe: texRes = 128
123.8073 	EXP 	PCProbe: texRes = 128.0
123.8073 	EXP 	SCProbe: texRes = 128
123.8254 	EXP 	PCProbe: texRes = 128.0
123.8254 	EXP 	SCProbe: texRes = 128
123.8409 	EXP 	PCProbe: texRes = 128.0
123.8409 	EXP 	SCProbe: texRes = 128
123.8575 	EXP 	PCProbe: texRes = 128.0
123.8575 	EXP 	SCProbe: texRes = 128
123.8739 	EXP 	PCProbe: texRes = 128.0
123.8739 	EXP 	SCProbe: texRes = 128
123.8901 	EXP 	PCProbe: texRes = 128.0
123.8901 	EXP 	SCProbe: texRes = 128
123.9072 	EXP 	PCProbe: texRes = 128.0
123.9072 	EXP 	SCProbe: texRes = 128
123.9255 	EXP 	PCProbe: texRes = 128.0
123.9255 	EXP 	SCProbe: texRes = 128
123.9406 	EXP 	PCProbe: texRes = 128.0
123.9406 	EXP 	SCProbe: texRes = 128
123.9572 	EXP 	PCProbe: texRes = 128.0
123.9572 	EXP 	SCProbe: texRes = 128
123.9739 	EXP 	PCProbe: texRes = 128.0
123.9739 	EXP 	SCProbe: texRes = 128
123.9906 	EXP 	PCProbe: texRes = 128.0
123.9906 	EXP 	SCProbe: texRes = 128
124.0072 	EXP 	PCProbe: texRes = 128.0
124.0072 	EXP 	SCProbe: texRes = 128
124.0246 	EXP 	PCProbe: texRes = 128.0
124.0246 	EXP 	SCProbe: texRes = 128
124.0406 	EXP 	PCProbe: texRes = 128.0
124.0406 	EXP 	SCProbe: texRes = 128
124.0573 	EXP 	PCProbe: texRes = 128.0
124.0573 	EXP 	SCProbe: texRes = 128
124.0753 	EXP 	PCProbe: texRes = 128.0
124.0753 	EXP 	SCProbe: texRes = 128
124.0902 	EXP 	PCProbe: texRes = 128.0
124.0902 	EXP 	SCProbe: texRes = 128
124.1080 	EXP 	PCProbe: texRes = 128.0
124.1080 	EXP 	SCProbe: texRes = 128
124.1240 	EXP 	PCProbe: texRes = 128.0
124.1240 	EXP 	SCProbe: texRes = 128
124.1419 	EXP 	PCProbe: texRes = 128.0
124.1419 	EXP 	SCProbe: texRes = 128
124.1572 	EXP 	PCProbe: texRes = 128.0
124.1572 	EXP 	SCProbe: texRes = 128
124.1738 	EXP 	PCProbe: texRes = 128.0
124.1738 	EXP 	SCProbe: texRes = 128
124.1905 	EXP 	PCProbe: texRes = 128.0
124.1905 	EXP 	SCProbe: texRes = 128
124.2076 	EXP 	PCProbe: texRes = 128.0
124.2076 	EXP 	SCProbe: texRes = 128
124.2239 	EXP 	PCProbe: texRes = 128.0
124.2239 	EXP 	SCProbe: texRes = 128
124.2410 	EXP 	PCProbe: texRes = 128.0
124.2410 	EXP 	SCProbe: texRes = 128
124.2609 	EXP 	PCProbe: texRes = 128.0
124.2609 	EXP 	SCProbe: texRes = 128
124.2781 	EXP 	PCProbe: texRes = 128.0
124.2781 	EXP 	SCProbe: texRes = 128
124.2783 	DATA 	Keypress: escape
124.2936 	EXP 	PCProbe: texRes = 128.0
124.2936 	EXP 	SCProbe: texRes = 128
124.3113 	EXP 	PCProbe: texRes = 128.0
124.3113 	EXP 	SCProbe: texRes = 128
124.3271 	EXP 	PCProbe: texRes = 128.0
124.3271 	EXP 	SCProbe: texRes = 128
124.3433 	EXP 	PCProbe: texRes = 128.0
124.3433 	EXP 	SCProbe: texRes = 128
124.3597 	EXP 	PCProbe: texRes = 128.0
124.3597 	EXP 	SCProbe: texRes = 128
124.3754 	EXP 	PCProbe: texRes = 128.0
124.3754 	EXP 	SCProbe: texRes = 128
124.7531 	EXP 	window1: mouseVisible = True
